INFO 2020-08-05 09:52:14,746 basehttp 59586 123145385254912 "GET / HTTP/1.1" 200 930645
INFO 2020-08-05 09:52:14,772 basehttp 59586 123145395765248 "GET /static/js/station_map.js HTTP/1.1" 304 0
INFO 2020-08-05 09:52:14,773 basehttp 59586 123145401556992 "GET /static/js/jquery-1.8.3.min.js HTTP/1.1" 304 0
INFO 2020-08-05 09:52:14,773 basehttp 59586 123145412067328 "GET /static/js/cookiemonster.js HTTP/1.1" 304 0
INFO 2020-08-05 09:52:14,777 basehttp 59586 123145401556992 "GET /static/js/jquery-ui-timepicker-addon.min.js HTTP/1.1" 304 0
INFO 2020-08-05 09:52:14,779 basehttp 59586 123145401556992 "GET /static/css/main.css HTTP/1.1" 304 0
INFO 2020-08-05 09:52:14,782 basehttp 59586 123145401556992 "GET /static/css/jquery-ui-timepicker-addon.min.css HTTP/1.1" 200 1901
DEBUG 2020-08-05 09:52:15,091 autoreload 59586 4640538048 File /Users/liguosheng/PycharmProjects/dublin-bus-rtpi/dublinbus/dublinbus/settings.py previous mtime: 1596617423.166729, current mtime: 1596617534.6328619
DEBUG 2020-08-05 09:52:15,091 autoreload 59586 4640538048 /Users/liguosheng/PycharmProjects/dublin-bus-rtpi/dublinbus/dublinbus/settings.py notified as changed. Signal results: [(<function translation_file_changed at 0x10cdab620>, None)].
INFO 2020-08-05 09:52:15,091 autoreload 59586 4640538048 /Users/liguosheng/PycharmProjects/dublin-bus-rtpi/dublinbus/dublinbus/settings.py changed, reloading.
INFO 2020-08-05 09:52:16,169 autoreload 59600 4524187072 Watching for file changes with StatReloader
INFO 2020-08-05 09:52:18,817 basehttp 59600 123145501360128 "POST /weather HTTP/1.1" 200 95
INFO 2020-08-05 09:52:18,897 basehttp 59600 123145496104960 "POST /init HTTP/1.1" 200 61
INFO 2020-08-05 09:52:26,018 basehttp 59600 123145496104960 "POST /printresult HTTP/1.1" 200 566
INFO 2020-08-05 09:52:26,751 basehttp 59600 123145496104960 "POST /rtmarkerinfo HTTP/1.1" 200 5621
INFO 2020-08-05 09:52:26,776 basehttp 59600 123145512407040 "POST /rtmarkerinfo HTTP/1.1" 200 13661
INFO 2020-08-05 09:52:26,943 basehttp 59600 123145517662208 "POST /rtmarkerinfo HTTP/1.1" 200 13661
INFO 2020-08-05 09:52:26,951 basehttp 59600 123145507151872 "POST /rtmarkerinfo HTTP/1.1" 200 13080
INFO 2020-08-05 09:52:27,042 basehttp 59600 123145522917376 "POST /rtmarkerinfo HTTP/1.1" 200 13078
INFO 2020-08-05 09:52:27,057 basehttp 59600 123145501360128 "POST /showprediction HTTP/1.1" 200 21
INFO 2020-08-05 09:52:27,062 basehttp 59600 123145501360128 "GET /static/images/icon-WALKING.png HTTP/1.1" 304 0
INFO 2020-08-05 09:52:27,063 basehttp 59600 123145501360128 "GET /static/images/icon-BUS.png HTTP/1.1" 304 0
INFO 2020-08-05 09:52:27,294 basehttp 59600 123145496104960 "POST /rtmarkerinfo HTTP/1.1" 200 12507
INFO 2020-08-05 09:52:27,339 basehttp 59600 123145512407040 "POST /rtmarkerinfo HTTP/1.1" 200 12511
INFO 2020-08-05 09:52:27,468 basehttp 59600 123145517662208 "POST /rtmarkerinfo HTTP/1.1" 200 13058
INFO 2020-08-05 09:52:27,535 basehttp 59600 123145522917376 "POST /rtmarkerinfo HTTP/1.1" 200 3400
INFO 2020-08-05 09:52:27,625 basehttp 59600 123145507151872 "POST /rtmarkerinfo HTTP/1.1" 200 14195
INFO 2020-08-05 09:59:38,905 autoreload 59600 4524187072 /Users/liguosheng/PycharmProjects/dublin-bus-rtpi/dublinbus/dublinbus/settings.py changed, reloading.
INFO 2020-08-05 10:00:07,005 autoreload 59656 4529749440 Watching for file changes with StatReloader
INFO 2020-08-05 10:00:12,334 basehttp 59656 123145584521216 "GET / HTTP/1.1" 200 930645
INFO 2020-08-05 10:00:12,366 basehttp 59656 123145584521216 "GET /static/js/jquery-1.8.3.min.js HTTP/1.1" 304 0
INFO 2020-08-05 10:00:12,367 basehttp 59656 123145589776384 "GET /static/js/station_map.js HTTP/1.1" 304 0
INFO 2020-08-05 10:00:12,368 basehttp 59656 123145595031552 "GET /static/js/cookiemonster.js HTTP/1.1" 304 0
INFO 2020-08-05 10:00:12,369 basehttp 59656 123145600286720 "GET /static/js/jquery-ui-timepicker-addon.min.js HTTP/1.1" 304 0
INFO 2020-08-05 10:00:12,369 basehttp 59656 123145589776384 "GET /static/css/main.css HTTP/1.1" 304 0
INFO 2020-08-05 10:00:12,374 basehttp 59656 123145595031552 "GET /static/css/jquery-ui-timepicker-addon.min.css HTTP/1.1" 304 0
INFO 2020-08-05 10:00:17,000 basehttp 59656 123145589776384 "POST /weather HTTP/1.1" 200 95
INFO 2020-08-05 10:00:17,194 basehttp 59656 123145600286720 "POST /init HTTP/1.1" 200 61
INFO 2020-08-05 10:00:21,704 basehttp 59656 123145600286720 "POST /printresult HTTP/1.1" 200 624
INFO 2020-08-05 10:00:22,331 basehttp 59656 123145589776384 "POST /showprediction HTTP/1.1" 200 21
INFO 2020-08-05 10:00:22,437 basehttp 59656 123145606615040 "POST /rtmarkerinfo HTTP/1.1" 200 10850
INFO 2020-08-05 10:00:22,466 basehttp 59656 123145611870208 "POST /rtmarkerinfo HTTP/1.1" 200 11962
INFO 2020-08-05 10:00:22,506 basehttp 59656 123145584521216 "POST /rtmarkerinfo HTTP/1.1" 200 11964
INFO 2020-08-05 10:00:22,593 basehttp 59656 123145595031552 "POST /rtmarkerinfo HTTP/1.1" 200 9811
INFO 2020-08-05 10:00:22,613 basehttp 59656 123145600286720 "POST /rtmarkerinfo HTTP/1.1" 200 10964
INFO 2020-08-05 10:00:22,885 basehttp 59656 123145589776384 "POST /rtmarkerinfo HTTP/1.1" 200 11964
INFO 2020-08-05 10:00:22,887 basehttp 59656 123145589776384 "GET /static/images/icon-WALKING.png HTTP/1.1" 304 0
INFO 2020-08-05 10:00:22,888 basehttp 59656 123145589776384 "GET /static/images/icon-BUS.png HTTP/1.1" 304 0
INFO 2020-08-05 10:00:23,040 basehttp 59656 123145584521216 "POST /rtmarkerinfo HTTP/1.1" 200 13631
INFO 2020-08-05 10:00:23,111 basehttp 59656 123145600286720 "POST /rtmarkerinfo HTTP/1.1" 200 14365
INFO 2020-08-05 10:00:23,166 basehttp 59656 123145606615040 "POST /rtmarkerinfo HTTP/1.1" 200 12515
INFO 2020-08-05 10:00:23,187 basehttp 59656 123145611870208 "POST /rtmarkerinfo HTTP/1.1" 200 12511
INFO 2020-08-05 10:00:23,241 basehttp 59656 123145595031552 "POST /rtmarkerinfo HTTP/1.1" 200 14193
INFO 2020-08-06 11:43:41,335 autoreload 70701 4509978048 Watching for file changes with StatReloader
INFO 2020-08-06 11:44:43,181 autoreload 70701 4509978048 /Users/liguosheng/PycharmProjects/dublin-bus-rtpi/dublinbus/app01/views.py changed, reloading.
INFO 2020-08-06 11:44:44,080 autoreload 70740 4574477760 Watching for file changes with StatReloader
ERROR 2020-08-06 11:44:56,593 exception 70740 123145368907776 Invalid HTTP_HOST header: '0.0.0.0:8000'. You may need to add '0.0.0.0' to ALLOWED_HOSTS.
WARNING 2020-08-06 11:44:56,689 log 70740 123145368907776 Bad Request: /
WARNING 2020-08-06 11:44:56,690 basehttp 70740 123145368907776 "GET / HTTP/1.1" 400 63387
INFO 2020-08-06 11:45:30,840 autoreload 70782 4498800064 Watching for file changes with StatReloader
ERROR 2020-08-06 11:45:33,837 exception 70782 123145388974080 Invalid HTTP_HOST header: '0.0.0.0:8000'. You may need to add '0.0.0.0' to ALLOWED_HOSTS.
WARNING 2020-08-06 11:45:33,919 log 70782 123145388974080 Bad Request: /
WARNING 2020-08-06 11:45:33,919 basehttp 70782 123145388974080 "GET / HTTP/1.1" 400 63400
ERROR 2020-08-06 11:45:34,880 exception 70782 123145394229248 Invalid HTTP_HOST header: '0.0.0.0:8000'. You may need to add '0.0.0.0' to ALLOWED_HOSTS.
WARNING 2020-08-06 11:45:34,910 log 70782 123145394229248 Bad Request: /
WARNING 2020-08-06 11:45:34,910 basehttp 70782 123145394229248 "GET / HTTP/1.1" 400 63400
ERROR 2020-08-06 11:45:39,810 exception 70782 123145388974080 Invalid HTTP_HOST header: '0.0.0.0:8000'. You may need to add '0.0.0.0' to ALLOWED_HOSTS.
WARNING 2020-08-06 11:45:39,837 log 70782 123145388974080 Bad Request: /
WARNING 2020-08-06 11:45:39,838 basehttp 70782 123145388974080 "GET / HTTP/1.1" 400 63400
ERROR 2020-08-06 11:45:43,210 exception 70782 123145394229248 Invalid HTTP_HOST header: '0.0.0.0:8000'. You may need to add '0.0.0.0' to ALLOWED_HOSTS.
WARNING 2020-08-06 11:45:43,237 log 70782 123145394229248 Bad Request: /
WARNING 2020-08-06 11:45:43,238 basehttp 70782 123145394229248 "GET / HTTP/1.1" 400 63400
INFO 2020-08-06 11:45:46,530 basehttp 70782 123145394229248 "GET / HTTP/1.1" 200 934829
INFO 2020-08-06 11:45:46,578 basehttp 70782 123145394229248 "GET /static/css/main.css HTTP/1.1" 200 6668
INFO 2020-08-06 11:45:46,581 basehttp 70782 123145399484416 "GET /static/js/jquery-1.8.3.min.js HTTP/1.1" 200 93636
INFO 2020-08-06 11:45:46,581 basehttp 70782 123145404739584 "GET /static/js/station_map.js HTTP/1.1" 200 54769
INFO 2020-08-06 11:45:46,582 basehttp 70782 123145409994752 "GET /static/js/jquery-ui-timepicker-addon.min.js HTTP/1.1" 200 41441
INFO 2020-08-06 11:45:46,585 basehttp 70782 123145415249920 "GET /static/js/cookiemonster.js HTTP/1.1" 304 0
INFO 2020-08-06 11:45:46,587 basehttp 70782 123145420505088 "GET /static/css/jquery-ui-timepicker-addon.min.css HTTP/1.1" 200 1901
INFO 2020-08-06 11:45:49,394 basehttp 70782 123145404739584 "POST /errorhandler HTTP/1.1" 200 2
INFO 2020-08-06 11:45:49,701 basehttp 70782 123145420505088 "POST /weather HTTP/1.1" 200 95
INFO 2020-08-06 11:45:49,905 basehttp 70782 123145409994752 "POST /init HTTP/1.1" 200 55
INFO 2020-08-06 11:46:30,986 basehttp 70782 123145420505088 "POST /printresult HTTP/1.1" 200 3842
INFO 2020-08-06 11:46:34,059 basehttp 70782 123145420505088 "POST /rtmarkerinfo HTTP/1.1" 200 4501
INFO 2020-08-06 11:46:35,136 basehttp 70782 123145399484416 "POST /rtmarkerinfo HTTP/1.1" 200 4501
INFO 2020-08-06 11:46:35,438 basehttp 70782 123145415249920 "POST /rtmarkerinfo HTTP/1.1" 200 4501
INFO 2020-08-06 11:46:36,144 basehttp 70782 123145404739584 "POST /rtmarkerinfo HTTP/1.1" 200 4501
INFO 2020-08-06 11:46:36,145 basehttp 70782 123145394229248 "POST /rtmarkerinfo HTTP/1.1" 200 3958
INFO 2020-08-06 11:46:37,915 basehttp 70782 123145420505088 "POST /rtmarkerinfo HTTP/1.1" 200 5046
INFO 2020-08-06 11:46:37,915 basehttp 70782 123145394229248 "POST /rtmarkerinfo HTTP/1.1" 200 3395
INFO 2020-08-06 11:46:38,095 basehttp 70782 123145409994752 "POST /showprediction HTTP/1.1" 200 22
INFO 2020-08-06 11:46:38,114 basehttp 70782 123145399484416 "POST /rtmarkerinfo HTTP/1.1" 200 3395
INFO 2020-08-06 11:46:38,143 basehttp 70782 123145404739584 "POST /rtmarkerinfo HTTP/1.1" 200 4503
INFO 2020-08-06 11:46:38,820 basehttp 70782 123145415249920 "POST /rtmarkerinfo HTTP/1.1" 200 3395
INFO 2020-08-06 11:46:39,883 basehttp 70782 123145420505088 "POST /rtmarkerinfo HTTP/1.1" 200 5598
INFO 2020-08-06 11:46:39,928 basehttp 70782 123145394229248 "POST /rtmarkerinfo HTTP/1.1" 200 5598
INFO 2020-08-06 11:46:39,934 basehttp 70782 123145399484416 "POST /rtmarkerinfo HTTP/1.1" 200 5598
INFO 2020-08-06 11:46:39,947 basehttp 70782 123145409994752 "POST /rtmarkerinfo HTTP/1.1" 200 5598
INFO 2020-08-06 11:46:39,949 basehttp 70782 123145404739584 "POST /rtmarkerinfo HTTP/1.1" 200 5598
INFO 2020-08-06 11:46:43,632 basehttp 70782 123145420505088 "POST /rtmarkerinfo HTTP/1.1" 200 5598
INFO 2020-08-06 11:46:44,205 basehttp 70782 123145415249920 "POST /rtmarkerinfo HTTP/1.1" 200 5598
INFO 2020-08-06 11:46:44,341 basehttp 70782 123145394229248 "POST /rtmarkerinfo HTTP/1.1" 200 5598
INFO 2020-08-06 11:46:44,380 basehttp 70782 123145404739584 "POST /rtmarkerinfo HTTP/1.1" 200 5054
INFO 2020-08-06 11:46:44,380 basehttp 70782 123145399484416 "POST /rtmarkerinfo HTTP/1.1" 200 5054
INFO 2020-08-06 11:46:45,095 basehttp 70782 123145420505088 "POST /rtmarkerinfo HTTP/1.1" 200 5054
INFO 2020-08-06 11:46:45,428 basehttp 70782 123145415249920 "POST /rtmarkerinfo HTTP/1.1" 200 5054
INFO 2020-08-06 11:46:45,501 basehttp 70782 123145404739584 "POST /rtmarkerinfo HTTP/1.1" 200 7352
INFO 2020-08-06 11:46:45,534 basehttp 70782 123145399484416 "POST /rtmarkerinfo HTTP/1.1" 200 7928
INFO 2020-08-06 11:46:45,536 basehttp 70782 123145409994752 "POST /rtmarkerinfo HTTP/1.1" 200 5054
INFO 2020-08-06 11:46:45,870 basehttp 70782 123145394229248 "POST /rtmarkerinfo HTTP/1.1" 200 9086
INFO 2020-08-06 11:46:46,871 basehttp 70782 123145420505088 "POST /rtmarkerinfo HTTP/1.1" 200 7930
INFO 2020-08-06 11:46:48,260 basehttp 70782 123145399484416 "POST /rtmarkerinfo HTTP/1.1" 200 9661
INFO 2020-08-06 11:46:48,274 basehttp 70782 123145404739584 "POST /rtmarkerinfo HTTP/1.1" 200 9087
INFO 2020-08-06 11:46:49,487 basehttp 70782 123145415249920 "POST /rtmarkerinfo HTTP/1.1" 200 9661
INFO 2020-08-06 11:46:51,098 basehttp 70782 123145409994752 "POST /rtmarkerinfo HTTP/1.1" 200 9661
INFO 2020-08-06 11:46:51,172 basehttp 70782 123145420505088 "POST /rtmarkerinfo HTTP/1.1" 200 11962
INFO 2020-08-06 11:46:51,705 basehttp 70782 123145394229248 "POST /rtmarkerinfo HTTP/1.1" 200 11382
INFO 2020-08-06 11:46:52,483 basehttp 70782 123145415249920 "POST /rtmarkerinfo HTTP/1.1" 200 7932
INFO 2020-08-06 11:46:54,627 basehttp 70782 123145420505088 "POST /rtmarkerinfo HTTP/1.1" 200 5088
INFO 2020-08-06 11:46:55,523 basehttp 70782 123145394229248 "POST /rtmarkerinfo HTTP/1.1" 200 5636
INFO 2020-08-06 11:46:55,535 basehttp 70782 123145409994752 "POST /rtmarkerinfo HTTP/1.1" 200 5088
INFO 2020-08-06 11:46:55,552 basehttp 70782 123145404739584 "POST /rtmarkerinfo HTTP/1.1" 200 10242
INFO 2020-08-06 11:46:58,035 basehttp 70782 123145409994752 "POST /rtmarkerinfo HTTP/1.1" 200 6811
INFO 2020-08-06 11:46:58,035 basehttp 70782 123145394229248 "POST /rtmarkerinfo HTTP/1.1" 200 4628
INFO 2020-08-06 11:46:58,043 basehttp 70782 123145399484416 "POST /rtmarkerinfo HTTP/1.1" 200 12541
INFO 2020-08-06 11:46:58,209 basehttp 70782 123145420505088 "POST /rtmarkerinfo HTTP/1.1" 200 7361
INFO 2020-08-06 11:46:58,547 basehttp 70782 123145404739584 "POST /rtmarkerinfo HTTP/1.1" 200 20476
INFO 2020-08-06 11:46:58,548 basehttp 70782 123145415249920 "POST /rtmarkerinfo HTTP/1.1" 200 5632
INFO 2020-08-06 11:46:58,918 basehttp 70782 123145394229248 "POST /rtmarkerinfo HTTP/1.1" 200 21050
INFO 2020-08-06 11:46:58,937 basehttp 70782 123145409994752 "POST /rtmarkerinfo HTTP/1.1" 200 19947
INFO 2020-08-06 11:46:58,937 basehttp 70782 123145399484416 "POST /rtmarkerinfo HTTP/1.1" 200 16443
INFO 2020-08-06 11:46:59,228 basehttp 70782 123145420505088 "POST /rtmarkerinfo HTTP/1.1" 200 138
INFO 2020-08-06 11:47:00,441 basehttp 70782 123145420505088 "POST /rtmarkerinfo HTTP/1.1" 200 7377
INFO 2020-08-06 11:47:00,613 basehttp 70782 123145409994752 "POST /rtmarkerinfo HTTP/1.1" 200 9643
INFO 2020-08-06 11:47:00,965 basehttp 70782 123145404739584 "POST /rtmarkerinfo HTTP/1.1" 200 13680
INFO 2020-08-06 11:47:00,973 basehttp 70782 123145415249920 "POST /rtmarkerinfo HTTP/1.1" 200 10231
INFO 2020-08-06 11:47:00,975 basehttp 70782 123145394229248 "POST /rtmarkerinfo HTTP/1.1" 200 19932
INFO 2020-08-06 11:47:00,976 basehttp 70782 123145399484416 "POST /rtmarkerinfo HTTP/1.1" 200 7375
INFO 2020-08-06 11:47:01,589 basehttp 70782 123145420505088 "POST /rtmarkerinfo HTTP/1.1" 200 7377
INFO 2020-08-06 11:47:02,052 basehttp 70782 123145404739584 "POST /rtmarkerinfo HTTP/1.1" 200 9060
INFO 2020-08-06 11:47:02,052 basehttp 70782 123145409994752 "POST /rtmarkerinfo HTTP/1.1" 200 7377
INFO 2020-08-06 11:47:02,121 basehttp 70782 123145415249920 "POST /rtmarkerinfo HTTP/1.1" 200 5625
INFO 2020-08-06 11:47:02,151 basehttp 70782 123145394229248 "POST /rtmarkerinfo HTTP/1.1" 200 5625
INFO 2020-08-06 11:47:02,277 basehttp 70782 123145399484416 "POST /rtmarkerinfo HTTP/1.1" 200 14162
INFO 2020-08-06 11:47:02,602 basehttp 70782 123145420505088 "POST /rtmarkerinfo HTTP/1.1" 200 13627
INFO 2020-08-06 11:47:03,360 basehttp 70782 123145404739584 "POST /rtmarkerinfo HTTP/1.1" 200 13623
INFO 2020-08-06 11:47:03,508 basehttp 70782 123145394229248 "POST /rtmarkerinfo HTTP/1.1" 200 12531
INFO 2020-08-06 11:47:03,603 basehttp 70782 123145409994752 "POST /rtmarkerinfo HTTP/1.1" 200 13627
INFO 2020-08-06 11:47:03,649 basehttp 70782 123145415249920 "POST /rtmarkerinfo HTTP/1.1" 200 13076
INFO 2020-08-06 11:47:03,680 basehttp 70782 123145394229248 "POST /routesearch HTTP/1.1" 200 8129
INFO 2020-08-06 11:47:03,843 basehttp 70782 123145394229248 "GET /static/images/icon-WALKING.png HTTP/1.1" 200 2571
INFO 2020-08-06 11:47:03,872 basehttp 70782 123145409994752 "POST /routesearch HTTP/1.1" 200 8129
INFO 2020-08-06 11:47:03,873 basehttp 70782 123145415249920 "POST /routesearch HTTP/1.1" 200 6957
INFO 2020-08-06 11:47:04,035 basehttp 70782 123145399484416 "POST /rtmarkerinfo HTTP/1.1" 200 13080
INFO 2020-08-06 11:47:04,300 basehttp 70782 123145420505088 "POST /rtmarkerinfo HTTP/1.1" 200 14227
INFO 2020-08-06 11:47:05,412 basehttp 70782 123145404739584 "POST /rtmarkerinfo HTTP/1.1" 200 3400
INFO 2020-08-06 11:47:06,267 basehttp 70782 123145394229248 "POST /rtmarkerinfo HTTP/1.1" 200 4501
INFO 2020-08-06 11:47:06,305 basehttp 70782 123145399484416 "POST /rtmarkerinfo HTTP/1.1" 200 4501
INFO 2020-08-06 11:47:06,730 basehttp 70782 123145409994752 "POST /rtmarkerinfo HTTP/1.1" 200 4501
INFO 2020-08-06 11:47:06,805 basehttp 70782 123145415249920 "POST /rtmarkerinfo HTTP/1.1" 200 4501
INFO 2020-08-06 11:47:06,814 basehttp 70782 123145420505088 "POST /rtmarkerinfo HTTP/1.1" 200 4501
INFO 2020-08-06 11:47:08,086 basehttp 70782 123145404739584 "POST /rtmarkerinfo HTTP/1.1" 200 4501
INFO 2020-08-06 11:47:08,587 basehttp 70782 123145394229248 "POST /rtmarkerinfo HTTP/1.1" 200 4501
INFO 2020-08-06 11:47:08,966 basehttp 70782 123145399484416 "POST /rtmarkerinfo HTTP/1.1" 200 5048
INFO 2020-08-06 11:47:09,413 basehttp 70782 123145409994752 "POST /rtmarkerinfo HTTP/1.1" 200 3393
INFO 2020-08-06 11:47:09,419 basehttp 70782 123145420505088 "POST /rtmarkerinfo HTTP/1.1" 200 3395
INFO 2020-08-06 11:47:09,439 basehttp 70782 123145415249920 "POST /rtmarkerinfo HTTP/1.1" 200 3395
INFO 2020-08-06 11:47:11,844 basehttp 70782 123145394229248 "POST /rtmarkerinfo HTTP/1.1" 200 5602
INFO 2020-08-06 11:47:13,464 basehttp 70782 123145404739584 "POST /rtmarkerinfo HTTP/1.1" 200 4503
INFO 2020-08-06 11:47:15,248 basehttp 70782 123145420505088 "POST /rtmarkerinfo HTTP/1.1" 200 5598
INFO 2020-08-06 11:47:15,558 basehttp 70782 123145415249920 "POST /rtmarkerinfo HTTP/1.1" 200 5598
INFO 2020-08-06 11:47:15,775 basehttp 70782 123145399484416 "POST /rtmarkerinfo HTTP/1.1" 200 5598
INFO 2020-08-06 11:47:15,839 basehttp 70782 123145404739584 "POST /rtmarkerinfo HTTP/1.1" 200 5598
INFO 2020-08-06 11:47:16,232 basehttp 70782 123145420505088 "POST /rtmarkerinfo HTTP/1.1" 200 5598
INFO 2020-08-06 11:47:16,232 basehttp 70782 123145409994752 "POST /rtmarkerinfo HTTP/1.1" 200 5598
INFO 2020-08-06 11:47:16,540 basehttp 70782 123145415249920 "POST /rtmarkerinfo HTTP/1.1" 200 5054
INFO 2020-08-06 11:47:16,584 basehttp 70782 123145399484416 "POST /rtmarkerinfo HTTP/1.1" 200 5054
INFO 2020-08-06 11:47:16,914 basehttp 70782 123145404739584 "POST /rtmarkerinfo HTTP/1.1" 200 5054
INFO 2020-08-06 11:47:18,552 basehttp 70782 123145399484416 "POST /rtmarkerinfo HTTP/1.1" 200 7352
INFO 2020-08-06 11:47:18,560 basehttp 70782 123145409994752 "POST /rtmarkerinfo HTTP/1.1" 200 5054
INFO 2020-08-06 11:47:18,576 basehttp 70782 123145415249920 "POST /rtmarkerinfo HTTP/1.1" 200 9068
INFO 2020-08-06 11:47:19,490 basehttp 70782 123145394229248 "POST /rtmarkerinfo HTTP/1.1" 200 5598
INFO 2020-08-06 11:47:19,492 basehttp 70782 123145394229248 "GET /static/css/main.css HTTP/1.1" 304 0
INFO 2020-08-06 11:47:22,691 basehttp 70782 123145420505088 "POST /rtmarkerinfo HTTP/1.1" 200 5054
INFO 2020-08-06 11:47:23,473 basehttp 70782 123145394229248 "POST /rtmarkerinfo HTTP/1.1" 200 9661
INFO 2020-08-06 11:47:23,859 basehttp 70782 123145415249920 "POST /rtmarkerinfo HTTP/1.1" 200 9087
INFO 2020-08-06 11:47:24,073 basehttp 70782 123145399484416 "POST /rtmarkerinfo HTTP/1.1" 200 7928
INFO 2020-08-06 11:47:24,310 basehttp 70782 123145404739584 "POST /rtmarkerinfo HTTP/1.1" 200 7928
INFO 2020-08-06 11:47:24,901 basehttp 70782 123145409994752 "POST /rtmarkerinfo HTTP/1.1" 200 9661
INFO 2020-08-06 11:47:26,929 basehttp 70782 123145415249920 "POST /rtmarkerinfo HTTP/1.1" 200 11382
INFO 2020-08-06 11:47:26,937 basehttp 70782 123145420505088 "POST /rtmarkerinfo HTTP/1.1" 200 9661
INFO 2020-08-06 11:47:26,987 basehttp 70782 123145399484416 "POST /rtmarkerinfo HTTP/1.1" 200 11960
INFO 2020-08-06 11:47:27,368 basehttp 70782 123145394229248 "POST /rtmarkerinfo HTTP/1.1" 200 11380
INFO 2020-08-06 11:47:28,382 basehttp 70782 123145404739584 "POST /rtmarkerinfo HTTP/1.1" 200 10246
INFO 2020-08-06 11:47:28,916 basehttp 70782 123145409994752 "POST /rtmarkerinfo HTTP/1.1" 200 7932
INFO 2020-08-06 11:47:29,005 basehttp 70782 123145399484416 "POST /rtmarkerinfo HTTP/1.1" 200 5088
INFO 2020-08-06 11:47:29,005 basehttp 70782 123145420505088 "POST /rtmarkerinfo HTTP/1.1" 200 5088
INFO 2020-08-06 11:47:29,094 basehttp 70782 123145394229248 "POST /rtmarkerinfo HTTP/1.1" 200 5636
INFO 2020-08-06 11:47:29,304 basehttp 70782 123145404739584 "POST /rtmarkerinfo HTTP/1.1" 200 7361
INFO 2020-08-06 11:47:29,347 basehttp 70782 123145415249920 "POST /rtmarkerinfo HTTP/1.1" 200 5634
INFO 2020-08-06 11:47:29,604 basehttp 70782 123145409994752 "POST /rtmarkerinfo HTTP/1.1" 200 4626
INFO 2020-08-06 11:47:29,720 basehttp 70782 123145420505088 "POST /rtmarkerinfo HTTP/1.1" 200 6809
INFO 2020-08-06 11:47:29,726 basehttp 70782 123145399484416 "POST /rtmarkerinfo HTTP/1.1" 200 20476
INFO 2020-08-06 11:47:29,767 basehttp 70782 123145394229248 "POST /rtmarkerinfo HTTP/1.1" 200 18807
INFO 2020-08-06 11:47:30,265 basehttp 70782 123145404739584 "POST /rtmarkerinfo HTTP/1.1" 200 21065
INFO 2020-08-06 11:47:30,282 basehttp 70782 123145415249920 "POST /rtmarkerinfo HTTP/1.1" 200 16443
INFO 2020-08-06 11:47:30,583 basehttp 70782 123145409994752 "POST /rtmarkerinfo HTTP/1.1" 200 12528
INFO 2020-08-06 11:47:30,633 basehttp 70782 123145399484416 "POST /rtmarkerinfo HTTP/1.1" 200 18772
INFO 2020-08-06 11:47:30,797 basehttp 70782 123145394229248 "POST /rtmarkerinfo HTTP/1.1" 200 9641
INFO 2020-08-06 11:47:30,797 basehttp 70782 123145420505088 "POST /rtmarkerinfo HTTP/1.1" 200 10231
INFO 2020-08-06 11:47:30,850 basehttp 70782 123145394229248 "GET / HTTP/1.1" 200 934829
INFO 2020-08-06 11:47:30,983 basehttp 70782 123145415249920 "POST /rtmarkerinfo HTTP/1.1" 200 7377
INFO 2020-08-06 11:47:30,990 basehttp 70782 123145404739584 "POST /rtmarkerinfo HTTP/1.1" 200 7375
INFO 2020-08-06 11:47:31,027 basehttp 70782 123145499869184 "GET /static/images/icon-BUS.png HTTP/1.1" 200 1816
INFO 2020-08-06 11:47:31,033 basehttp 70782 123145505124352 "GET /static/js/station_map.js HTTP/1.1" 304 0
INFO 2020-08-06 11:47:31,192 basehttp 70782 123145409994752 "POST /rtmarkerinfo HTTP/1.1" 200 7377
INFO 2020-08-06 11:47:31,323 basehttp 70782 123145399484416 "POST /rtmarkerinfo HTTP/1.1" 200 7377
INFO 2020-08-06 11:47:31,411 basehttp 70782 123145420505088 "POST /rtmarkerinfo HTTP/1.1" 200 9058
INFO 2020-08-06 11:47:31,464 basehttp 70782 123145426296832 "POST /rtmarkerinfo HTTP/1.1" 200 5625
INFO 2020-08-06 11:47:31,502 basehttp 70782 123145399484416 "POST /errorhandler HTTP/1.1" 200 2
INFO 2020-08-06 11:47:31,623 basehttp 70782 123145388974080 "POST /rtmarkerinfo HTTP/1.1" 200 5077
INFO 2020-08-06 11:47:31,634 basehttp 70782 123145399484416 "GET /static/images/favicon.png HTTP/1.1" 200 40821
INFO 2020-08-06 11:47:32,117 basehttp 70782 123145505124352 "POST /weather HTTP/1.1" 200 95
INFO 2020-08-06 11:47:32,219 basehttp 70782 123145473593344 "POST /rtmarkerinfo HTTP/1.1" 200 139
INFO 2020-08-06 11:47:32,224 basehttp 70782 123145494614016 "POST /rtmarkerinfo HTTP/1.1" 200 2967
INFO 2020-08-06 11:47:32,231 basehttp 70782 123145442062336 "POST /rtmarkerinfo HTTP/1.1" 200 3400
INFO 2020-08-06 11:47:32,233 basehttp 70782 123145447317504 "POST /rtmarkerinfo HTTP/1.1" 200 9073
INFO 2020-08-06 11:47:32,237 basehttp 70782 123145436807168 "POST /rtmarkerinfo HTTP/1.1" 200 13076
INFO 2020-08-06 11:47:32,240 basehttp 70782 123145484103680 "POST /rtmarkerinfo HTTP/1.1" 200 6822
INFO 2020-08-06 11:47:32,247 basehttp 70782 123145431552000 "POST /rtmarkerinfo HTTP/1.1" 200 13046
ERROR 2020-08-06 11:47:32,250 basehttp 70782 123145431552000 "POST /rtmarkerinfo HTTP/1.1" 500 59
INFO 2020-08-06 11:47:32,408 basehttp 70782 123145463083008 "POST /rtmarkerinfo HTTP/1.1" 200 4507
INFO 2020-08-06 11:47:32,483 basehttp 70782 123145394229248 "POST /init HTTP/1.1" 200 55
INFO 2020-08-06 11:47:32,732 basehttp 70782 123145457827840 "POST /rtmarkerinfo HTTP/1.1" 200 3399
ERROR 2020-08-06 11:47:32,743 basehttp 70782 123145457827840 "POST /rtmarkerinfo HTTP/1.1" 500 59
INFO 2020-08-06 11:47:32,785 basehttp 70782 123145452572672 "POST /rtmarkerinfo HTTP/1.1" 200 19811
INFO 2020-08-06 11:47:32,795 basehttp 70782 123145489358848 "POST /rtmarkerinfo HTTP/1.1" 200 2399
INFO 2020-08-06 11:47:32,795 basehttp 70782 123145468338176 "POST /rtmarkerinfo HTTP/1.1" 200 4507
INFO 2020-08-06 11:47:32,802 basehttp 70782 123145415249920 "POST /rtmarkerinfo HTTP/1.1" 200 2389
INFO 2020-08-06 11:47:32,802 basehttp 70782 123145478848512 "POST /rtmarkerinfo HTTP/1.1" 200 3393
INFO 2020-08-06 11:47:53,959 basehttp 70782 123145394229248 "POST /routesearch HTTP/1.1" 200 8129
INFO 2020-08-06 11:47:56,482 basehttp 70782 123145404739584 "POST /rtmarkerinfo HTTP/1.1" 200 4501
INFO 2020-08-06 11:47:56,553 basehttp 70782 123145394229248 "POST /rtmarkerinfo HTTP/1.1" 200 4501
INFO 2020-08-06 11:47:56,560 basehttp 70782 123145505124352 "POST /rtmarkerinfo HTTP/1.1" 200 4501
INFO 2020-08-06 11:47:56,844 basehttp 70782 123145399484416 "POST /rtmarkerinfo HTTP/1.1" 200 4501
INFO 2020-08-06 11:47:56,851 basehttp 70782 123145409994752 "POST /rtmarkerinfo HTTP/1.1" 200 4501
INFO 2020-08-06 11:47:56,851 basehttp 70782 123145388974080 "POST /rtmarkerinfo HTTP/1.1" 200 4501
INFO 2020-08-06 11:47:59,079 basehttp 70782 123145404739584 "POST /rtmarkerinfo HTTP/1.1" 200 4501
INFO 2020-08-06 11:47:59,401 basehttp 70782 123145394229248 "POST /rtmarkerinfo HTTP/1.1" 200 4501
INFO 2020-08-06 11:47:59,408 basehttp 70782 123145505124352 "POST /rtmarkerinfo HTTP/1.1" 200 3397
INFO 2020-08-06 11:47:59,493 basehttp 70782 123145399484416 "POST /rtmarkerinfo HTTP/1.1" 200 3395
INFO 2020-08-06 11:47:59,687 basehttp 70782 123145388974080 "POST /rtmarkerinfo HTTP/1.1" 200 4503
INFO 2020-08-06 11:47:59,687 basehttp 70782 123145409994752 "POST /rtmarkerinfo HTTP/1.1" 200 3395
INFO 2020-08-06 11:48:01,355 basehttp 70782 123145404739584 "POST /rtmarkerinfo HTTP/1.1" 200 5045
INFO 2020-08-06 11:48:01,895 basehttp 70782 123145409994752 "POST /rtmarkerinfo HTTP/1.1" 200 5598
INFO 2020-08-06 11:48:02,098 basehttp 70782 123145505124352 "POST /rtmarkerinfo HTTP/1.1" 200 5598
INFO 2020-08-06 11:48:02,099 basehttp 70782 123145399484416 "POST /rtmarkerinfo HTTP/1.1" 200 5598
INFO 2020-08-06 11:48:02,248 basehttp 70782 123145394229248 "POST /rtmarkerinfo HTTP/1.1" 200 5602
INFO 2020-08-06 11:48:02,262 basehttp 70782 123145388974080 "POST /rtmarkerinfo HTTP/1.1" 200 5598
INFO 2020-08-06 11:48:02,330 basehttp 70782 123145404739584 "POST /rtmarkerinfo HTTP/1.1" 200 5598
INFO 2020-08-06 11:48:04,015 basehttp 70782 123145409994752 "POST /rtmarkerinfo HTTP/1.1" 200 5598
INFO 2020-08-06 11:48:04,430 basehttp 70782 123145394229248 "POST /rtmarkerinfo HTTP/1.1" 200 5054
INFO 2020-08-06 11:48:05,190 basehttp 70782 123145404739584 "POST /rtmarkerinfo HTTP/1.1" 200 5054
INFO 2020-08-06 11:48:05,482 basehttp 70782 123145505124352 "POST /rtmarkerinfo HTTP/1.1" 200 5600
INFO 2020-08-06 11:48:06,665 basehttp 70782 123145399484416 "POST /rtmarkerinfo HTTP/1.1" 200 5600
INFO 2020-08-06 11:48:06,875 basehttp 70782 123145409994752 "POST /rtmarkerinfo HTTP/1.1" 200 8519
INFO 2020-08-06 11:48:08,295 basehttp 70782 123145505124352 "POST /rtmarkerinfo HTTP/1.1" 200 7926
INFO 2020-08-06 11:48:08,804 basehttp 70782 123145388974080 "POST /rtmarkerinfo HTTP/1.1" 200 5054
INFO 2020-08-06 11:48:09,270 basehttp 70782 123145394229248 "POST /rtmarkerinfo HTTP/1.1" 200 7897
INFO 2020-08-06 11:48:09,286 basehttp 70782 123145404739584 "POST /rtmarkerinfo HTTP/1.1" 200 7926
INFO 2020-08-06 11:48:09,447 basehttp 70782 123145399484416 "POST /rtmarkerinfo HTTP/1.1" 200 9659
INFO 2020-08-06 11:48:09,773 basehttp 70782 123145409994752 "POST /rtmarkerinfo HTTP/1.1" 200 9085
INFO 2020-08-06 11:48:10,134 basehttp 70782 123145505124352 "POST /rtmarkerinfo HTTP/1.1" 200 9663
INFO 2020-08-06 11:48:11,463 basehttp 70782 123145388974080 "POST /rtmarkerinfo HTTP/1.1" 200 9663
INFO 2020-08-06 11:48:11,813 basehttp 70782 123145394229248 "POST /rtmarkerinfo HTTP/1.1" 200 11382
INFO 2020-08-06 11:48:11,813 basehttp 70782 123145404739584 "POST /rtmarkerinfo HTTP/1.1" 200 11382
INFO 2020-08-06 11:48:12,153 basehttp 70782 123145399484416 "POST /rtmarkerinfo HTTP/1.1" 200 11384
INFO 2020-08-06 11:48:12,364 basehttp 70782 123145409994752 "POST /rtmarkerinfo HTTP/1.1" 200 10244
INFO 2020-08-06 11:48:12,439 basehttp 70782 123145505124352 "POST /rtmarkerinfo HTTP/1.1" 200 7936
INFO 2020-08-06 11:48:13,473 basehttp 70782 123145388974080 "POST /rtmarkerinfo HTTP/1.1" 200 5634
INFO 2020-08-06 11:48:14,282 basehttp 70782 123145394229248 "POST /rtmarkerinfo HTTP/1.1" 200 5634
INFO 2020-08-06 11:48:14,286 basehttp 70782 123145404739584 "POST /rtmarkerinfo HTTP/1.1" 200 5088
INFO 2020-08-06 11:48:14,290 basehttp 70782 123145505124352 "POST /rtmarkerinfo HTTP/1.1" 200 5180
INFO 2020-08-06 11:48:14,295 basehttp 70782 123145399484416 "POST /rtmarkerinfo HTTP/1.1" 200 5088
INFO 2020-08-06 11:48:14,303 basehttp 70782 123145409994752 "POST /rtmarkerinfo HTTP/1.1" 200 7365
INFO 2020-08-06 11:48:14,820 basehttp 70782 123145388974080 "POST /rtmarkerinfo HTTP/1.1" 200 6807
INFO 2020-08-06 11:48:15,063 basehttp 70782 123145409994752 "POST /rtmarkerinfo HTTP/1.1" 200 13116
INFO 2020-08-06 11:48:15,070 basehttp 70782 123145505124352 "POST /rtmarkerinfo HTTP/1.1" 200 21065
INFO 2020-08-06 11:48:15,484 basehttp 70782 123145399484416 "POST /rtmarkerinfo HTTP/1.1" 200 17014
INFO 2020-08-06 11:48:15,533 basehttp 70782 123145394229248 "POST /rtmarkerinfo HTTP/1.1" 200 21604
INFO 2020-08-06 11:48:15,534 basehttp 70782 123145404739584 "POST /rtmarkerinfo HTTP/1.1" 200 18807
INFO 2020-08-06 11:48:15,613 basehttp 70782 123145388974080 "POST /rtmarkerinfo HTTP/1.1" 200 11353
INFO 2020-08-06 11:48:15,620 basehttp 70782 123145409994752 "POST /rtmarkerinfo HTTP/1.1" 200 19337
INFO 2020-08-06 11:48:15,728 basehttp 70782 123145505124352 "POST /rtmarkerinfo HTTP/1.1" 200 10193
INFO 2020-08-06 11:48:16,137 basehttp 70782 123145404739584 "POST /rtmarkerinfo HTTP/1.1" 200 7375
INFO 2020-08-06 11:48:16,195 basehttp 70782 123145399484416 "POST /rtmarkerinfo HTTP/1.1" 200 7929
INFO 2020-08-06 11:48:16,285 basehttp 70782 123145394229248 "POST /rtmarkerinfo HTTP/1.1" 200 7377
INFO 2020-08-06 11:48:16,315 basehttp 70782 123145388974080 "POST /rtmarkerinfo HTTP/1.1" 200 7379
INFO 2020-08-06 11:48:16,356 basehttp 70782 123145505124352 "POST /rtmarkerinfo HTTP/1.1" 200 5077
INFO 2020-08-06 11:48:16,363 basehttp 70782 123145409994752 "POST /rtmarkerinfo HTTP/1.1" 200 9621
INFO 2020-08-06 11:48:16,683 basehttp 70782 123145404739584 "POST /rtmarkerinfo HTTP/1.1" 200 5077
INFO 2020-08-06 11:48:17,002 basehttp 70782 123145399484416 "POST /rtmarkerinfo HTTP/1.1" 200 13625
INFO 2020-08-06 11:48:17,393 basehttp 70782 123145394229248 "POST /rtmarkerinfo HTTP/1.1" 200 13621
INFO 2020-08-06 11:48:17,450 basehttp 70782 123145409994752 "POST /rtmarkerinfo HTTP/1.1" 200 13623
INFO 2020-08-06 11:48:17,452 basehttp 70782 123145505124352 "POST /rtmarkerinfo HTTP/1.1" 200 13623
INFO 2020-08-06 11:48:17,534 basehttp 70782 123145388974080 "POST /rtmarkerinfo HTTP/1.1" 200 14198
INFO 2020-08-06 11:48:17,961 basehttp 70782 123145404739584 "POST /rtmarkerinfo HTTP/1.1" 200 12529
INFO 2020-08-06 11:48:18,040 basehttp 70782 123145399484416 "POST /rtmarkerinfo HTTP/1.1" 200 14204
INFO 2020-08-06 11:48:18,452 basehttp 70782 123145394229248 "POST /rtmarkerinfo HTTP/1.1" 200 14221
INFO 2020-08-06 11:48:19,106 basehttp 70782 123145388974080 "POST /rtmarkerinfo HTTP/1.1" 200 3400
INFO 2020-08-06 11:48:19,224 basehttp 70782 123145409994752 "POST /rtmarkerinfo HTTP/1.1" 200 3400
INFO 2020-08-06 11:48:19,238 basehttp 70782 123145505124352 "POST /rtmarkerinfo HTTP/1.1" 200 4501
INFO 2020-08-06 11:48:20,061 basehttp 70782 123145404739584 "POST /rtmarkerinfo HTTP/1.1" 200 13008
INFO 2020-08-06 11:48:20,135 basehttp 70782 123145399484416 "POST /rtmarkerinfo HTTP/1.1" 200 12441
INFO 2020-08-06 11:48:20,621 basehttp 70782 123145394229248 "POST /rtmarkerinfo HTTP/1.1" 200 12441
INFO 2020-08-06 11:48:20,844 basehttp 70782 123145388974080 "POST /rtmarkerinfo HTTP/1.1" 200 12441
INFO 2020-08-06 11:48:21,100 basehttp 70782 123145505124352 "POST /rtmarkerinfo HTTP/1.1" 200 12443
INFO 2020-08-06 11:48:21,105 basehttp 70782 123145409994752 "POST /rtmarkerinfo HTTP/1.1" 200 12441
INFO 2020-08-06 11:48:21,725 basehttp 70782 123145404739584 "POST /rtmarkerinfo HTTP/1.1" 200 12443
INFO 2020-08-06 11:48:21,930 basehttp 70782 123145399484416 "POST /rtmarkerinfo HTTP/1.1" 200 12443
INFO 2020-08-06 11:48:22,972 basehttp 70782 123145394229248 "POST /rtmarkerinfo HTTP/1.1" 200 13570
INFO 2020-08-06 11:48:23,156 basehttp 70782 123145388974080 "POST /rtmarkerinfo HTTP/1.1" 200 13568
INFO 2020-08-06 11:48:23,525 basehttp 70782 123145505124352 "POST /rtmarkerinfo HTTP/1.1" 200 5101
INFO 2020-08-06 11:48:24,191 basehttp 70782 123145409994752 "POST /rtmarkerinfo HTTP/1.1" 200 5101
INFO 2020-08-06 11:48:24,439 basehttp 70782 123145404739584 "POST /rtmarkerinfo HTTP/1.1" 200 5101
INFO 2020-08-06 11:48:24,446 basehttp 70782 123145399484416 "POST /rtmarkerinfo HTTP/1.1" 200 3400
INFO 2020-08-06 11:48:25,324 basehttp 70782 123145388974080 "POST /rtmarkerinfo HTTP/1.1" 200 9637
INFO 2020-08-06 11:48:25,647 basehttp 70782 123145394229248 "POST /rtmarkerinfo HTTP/1.1" 200 9641
INFO 2020-08-06 11:48:25,655 basehttp 70782 123145505124352 "POST /rtmarkerinfo HTTP/1.1" 200 9073
INFO 2020-08-06 11:48:25,763 basehttp 70782 123145409994752 "POST /rtmarkerinfo HTTP/1.1" 200 19261
INFO 2020-08-06 11:48:26,586 basehttp 70782 123145399484416 "POST /rtmarkerinfo HTTP/1.1" 200 10871
INFO 2020-08-06 11:48:26,601 basehttp 70782 123145404739584 "POST /rtmarkerinfo HTTP/1.1" 200 11348
INFO 2020-08-06 11:48:27,290 basehttp 70782 123145388974080 "POST /rtmarkerinfo HTTP/1.1" 200 11454
INFO 2020-08-06 11:48:27,643 basehttp 70782 123145394229248 "POST /rtmarkerinfo HTTP/1.1" 200 10871
INFO 2020-08-06 11:48:27,728 basehttp 70782 123145505124352 "POST /rtmarkerinfo HTTP/1.1" 200 4508
INFO 2020-08-06 11:48:27,797 basehttp 70782 123145409994752 "POST /rtmarkerinfo HTTP/1.1" 200 15420
INFO 2020-08-06 11:48:28,035 basehttp 70782 123145404739584 "POST /rtmarkerinfo HTTP/1.1" 200 22903
INFO 2020-08-06 11:48:28,249 basehttp 70782 123145399484416 "POST /rtmarkerinfo HTTP/1.1" 200 21748
INFO 2020-08-06 11:48:28,806 basehttp 70782 123145388974080 "POST /rtmarkerinfo HTTP/1.1" 200 6822
INFO 2020-08-06 11:48:29,206 basehttp 70782 123145394229248 "POST /rtmarkerinfo HTTP/1.1" 200 6824
INFO 2020-08-06 11:48:29,228 basehttp 70782 123145404739584 "POST /rtmarkerinfo HTTP/1.1" 200 5084
INFO 2020-08-06 11:48:29,247 basehttp 70782 123145409994752 "POST /rtmarkerinfo HTTP/1.1" 200 6822
INFO 2020-08-06 11:48:29,672 basehttp 70782 123145505124352 "POST /rtmarkerinfo HTTP/1.1" 200 6822
INFO 2020-08-06 11:48:29,845 basehttp 70782 123145399484416 "POST /rtmarkerinfo HTTP/1.1" 200 5084
INFO 2020-08-06 11:48:30,441 basehttp 70782 123145388974080 "POST /rtmarkerinfo HTTP/1.1" 200 5084
INFO 2020-08-06 11:48:31,363 basehttp 70782 123145409994752 "POST /rtmarkerinfo HTTP/1.1" 200 10181
INFO 2020-08-06 11:48:31,369 basehttp 70782 123145404739584 "POST /rtmarkerinfo HTTP/1.1" 200 10185
INFO 2020-08-06 11:48:31,805 basehttp 70782 123145505124352 "POST /rtmarkerinfo HTTP/1.1" 200 8516
INFO 2020-08-06 11:48:32,245 basehttp 70782 123145399484416 "POST /rtmarkerinfo HTTP/1.1" 200 8518
INFO 2020-08-06 11:48:32,807 basehttp 70782 123145388974080 "POST /rtmarkerinfo HTTP/1.1" 200 8518
INFO 2020-08-06 11:48:32,929 basehttp 70782 123145404739584 "POST /rtmarkerinfo HTTP/1.1" 200 6779
INFO 2020-08-06 11:48:32,936 basehttp 70782 123145409994752 "POST /rtmarkerinfo HTTP/1.1" 200 8518
INFO 2020-08-06 11:48:33,325 basehttp 70782 123145505124352 "POST /rtmarkerinfo HTTP/1.1" 200 6779
INFO 2020-08-06 11:48:33,764 basehttp 70782 123145399484416 "POST /rtmarkerinfo HTTP/1.1" 200 6779
INFO 2020-08-06 11:48:34,083 basehttp 70782 123145388974080 "POST /rtmarkerinfo HTTP/1.1" 200 6293
INFO 2020-08-06 11:48:34,352 basehttp 70782 123145404739584 "POST /rtmarkerinfo HTTP/1.1" 200 3965
INFO 2020-08-06 11:48:34,352 basehttp 70782 123145409994752 "POST /rtmarkerinfo HTTP/1.1" 200 4530
INFO 2020-08-06 11:48:34,369 basehttp 70782 123145505124352 "POST /rtmarkerinfo HTTP/1.1" 200 4530
INFO 2020-08-06 11:48:34,427 basehttp 70782 123145399484416 "POST /rtmarkerinfo HTTP/1.1" 200 4532
INFO 2020-08-06 11:48:34,736 basehttp 70782 123145388974080 "POST /rtmarkerinfo HTTP/1.1" 200 3977
INFO 2020-08-06 11:48:35,114 basehttp 70782 123145399484416 "POST /rtmarkerinfo HTTP/1.1" 200 4534
INFO 2020-08-06 11:48:35,448 basehttp 70782 123145409994752 "POST /rtmarkerinfo HTTP/1.1" 200 4532
INFO 2020-08-06 11:48:35,448 basehttp 70782 123145404739584 "POST /rtmarkerinfo HTTP/1.1" 200 4532
INFO 2020-08-06 11:48:35,449 basehttp 70782 123145505124352 "POST /rtmarkerinfo HTTP/1.1" 200 5080
INFO 2020-08-06 11:48:35,664 basehttp 70782 123145394229248 "POST /rtmarkerinfo HTTP/1.1" 200 6779
INFO 2020-08-06 11:48:35,785 basehttp 70782 123145388974080 "POST /rtmarkerinfo HTTP/1.1" 200 5078
INFO 2020-08-06 11:48:36,807 basehttp 70782 123145505124352 "POST /rtmarkerinfo HTTP/1.1" 200 4509
INFO 2020-08-06 11:48:36,819 basehttp 70782 123145409994752 "POST /rtmarkerinfo HTTP/1.1" 200 5074
INFO 2020-08-06 11:48:36,829 basehttp 70782 123145404739584 "POST /rtmarkerinfo HTTP/1.1" 200 5074
INFO 2020-08-06 11:48:37,296 basehttp 70782 123145399484416 "POST /rtmarkerinfo HTTP/1.1" 200 5074
INFO 2020-08-06 11:48:38,203 basehttp 70782 123145388974080 "POST /rtmarkerinfo HTTP/1.1" 200 3399
INFO 2020-08-06 11:48:38,267 basehttp 70782 123145505124352 "POST /rtmarkerinfo HTTP/1.1" 200 3399
INFO 2020-08-06 11:48:38,269 basehttp 70782 123145404739584 "POST /rtmarkerinfo HTTP/1.1" 200 4507
INFO 2020-08-06 11:48:38,270 basehttp 70782 123145394229248 "POST /rtmarkerinfo HTTP/1.1" 200 3399
INFO 2020-08-06 11:48:38,336 basehttp 70782 123145409994752 "POST /rtmarkerinfo HTTP/1.1" 200 3399
INFO 2020-08-06 11:48:38,336 basehttp 70782 123145399484416 "POST /rtmarkerinfo HTTP/1.1" 200 4507
INFO 2020-08-06 11:48:39,879 basehttp 70782 123145388974080 "POST /rtmarkerinfo HTTP/1.1" 200 4507
INFO 2020-08-06 11:48:39,890 basehttp 70782 123145409994752 "POST /rtmarkerinfo HTTP/1.1" 200 4507
INFO 2020-08-06 11:48:39,894 basehttp 70782 123145399484416 "POST /rtmarkerinfo HTTP/1.1" 200 4507
INFO 2020-08-06 11:48:39,895 basehttp 70782 123145394229248 "POST /rtmarkerinfo HTTP/1.1" 200 4507
INFO 2020-08-06 11:48:40,486 basehttp 70782 123145505124352 "POST /rtmarkerinfo HTTP/1.1" 200 4507
INFO 2020-08-06 11:48:40,486 basehttp 70782 123145404739584 "POST /rtmarkerinfo HTTP/1.1" 200 4507
INFO 2020-08-06 11:48:41,486 basehttp 70782 123145388974080 "POST /rtmarkerinfo HTTP/1.1" 200 139
INFO 2020-08-06 11:48:41,486 basehttp 70782 123145409994752 "POST /rtmarkerinfo HTTP/1.1" 200 4507
INFO 2020-08-06 11:53:20,545 autoreload 70782 4498800064 /Users/liguosheng/PycharmProjects/dublin-bus-rtpi/dublinbus/app01/views.py changed, reloading.
INFO 2020-08-06 11:53:22,076 autoreload 70855 4729478592 Watching for file changes with StatReloader
INFO 2020-08-06 11:55:01,066 autoreload 70855 4729478592 /Users/liguosheng/PycharmProjects/dublin-bus-rtpi/dublinbus/app01/views.py changed, reloading.
INFO 2020-08-06 11:55:02,112 autoreload 70871 4479716800 Watching for file changes with StatReloader
INFO 2020-08-06 11:55:07,336 basehttp 70871 123145331785728 "GET / HTTP/1.1" 200 934829
INFO 2020-08-06 11:55:07,372 basehttp 70871 123145337040896 "GET /static/css/main.css HTTP/1.1" 304 0
INFO 2020-08-06 11:55:07,384 basehttp 70871 123145331785728 "GET /static/js/station_map.js HTTP/1.1" 304 0
INFO 2020-08-06 11:55:07,833 basehttp 70871 123145342296064 "POST /errorhandler HTTP/1.1" 200 2
INFO 2020-08-06 11:55:07,971 basehttp 70871 123145342296064 "GET /static/images/favicon.png HTTP/1.1" 200 40821
INFO 2020-08-06 11:55:08,018 basehttp 70871 123145337040896 "POST /weather HTTP/1.1" 200 95
INFO 2020-08-06 11:55:08,164 basehttp 70871 123145331785728 "POST /init HTTP/1.1" 200 55
INFO 2020-08-06 11:55:20,226 basehttp 70871 123145331785728 "POST /routesearch HTTP/1.1" 200 8129
INFO 2020-08-06 11:55:20,839 basehttp 70871 123145342296064 "POST /rtmarkerinfo HTTP/1.1" 200 11934
INFO 2020-08-06 11:55:20,952 basehttp 70871 123145353342976 "POST /rtmarkerinfo HTTP/1.1" 200 5591
INFO 2020-08-06 11:55:20,984 basehttp 70871 123145337040896 "POST /rtmarkerinfo HTTP/1.1" 200 3400
INFO 2020-08-06 11:55:20,984 basehttp 70871 123145348087808 "POST /rtmarkerinfo HTTP/1.1" 200 6184
INFO 2020-08-06 11:55:21,024 basehttp 70871 123145331785728 "POST /rtmarkerinfo HTTP/1.1" 200 5048
INFO 2020-08-06 11:55:21,036 basehttp 70871 123145358598144 "POST /rtmarkerinfo HTTP/1.1" 200 3395
INFO 2020-08-06 11:55:21,373 basehttp 70871 123145342296064 "POST /rtmarkerinfo HTTP/1.1" 200 11917
INFO 2020-08-06 11:55:21,531 basehttp 70871 123145331785728 "POST /rtmarkerinfo HTTP/1.1" 200 4501
INFO 2020-08-06 11:55:21,636 basehttp 70871 123145353342976 "POST /rtmarkerinfo HTTP/1.1" 200 5052
INFO 2020-08-06 11:55:21,660 basehttp 70871 123145337040896 "POST /rtmarkerinfo HTTP/1.1" 200 4503
INFO 2020-08-06 11:55:21,660 basehttp 70871 123145348087808 "POST /rtmarkerinfo HTTP/1.1" 200 7942
INFO 2020-08-06 11:55:21,686 basehttp 70871 123145358598144 "POST /rtmarkerinfo HTTP/1.1" 200 11359
INFO 2020-08-06 11:55:22,044 basehttp 70871 123145342296064 "POST /rtmarkerinfo HTTP/1.1" 200 11938
INFO 2020-08-06 11:55:22,053 basehttp 70871 123145331785728 "POST /rtmarkerinfo HTTP/1.1" 200 10202
INFO 2020-08-06 11:55:22,339 basehttp 70871 123145348087808 "POST /rtmarkerinfo HTTP/1.1" 200 4503
INFO 2020-08-06 11:55:22,395 basehttp 70871 123145353342976 "POST /rtmarkerinfo HTTP/1.1" 200 11359
INFO 2020-08-06 11:55:22,421 basehttp 70871 123145337040896 "POST /rtmarkerinfo HTTP/1.1" 200 10840
INFO 2020-08-06 11:55:22,542 basehttp 70871 123145358598144 "POST /rtmarkerinfo HTTP/1.1" 200 9628
INFO 2020-08-06 11:55:22,801 basehttp 70871 123145342296064 "POST /rtmarkerinfo HTTP/1.1" 200 7944
INFO 2020-08-06 11:55:22,822 basehttp 70871 123145331785728 "POST /rtmarkerinfo HTTP/1.1" 200 10294
INFO 2020-08-06 11:55:22,909 basehttp 70871 123145348087808 "POST /rtmarkerinfo HTTP/1.1" 200 11389
INFO 2020-08-06 11:55:23,108 basehttp 70871 123145358598144 "POST /rtmarkerinfo HTTP/1.1" 200 5602
INFO 2020-08-06 11:55:23,318 basehttp 70871 123145353342976 "POST /rtmarkerinfo HTTP/1.1" 200 5634
INFO 2020-08-06 11:55:23,320 basehttp 70871 123145337040896 "POST /rtmarkerinfo HTTP/1.1" 200 4503
INFO 2020-08-06 11:55:23,352 basehttp 70871 123145331785728 "POST /rtmarkerinfo HTTP/1.1" 200 5589
INFO 2020-08-06 11:55:23,414 basehttp 70871 123145342296064 "POST /rtmarkerinfo HTTP/1.1" 200 18804
INFO 2020-08-06 11:55:23,667 basehttp 70871 123145358598144 "POST /rtmarkerinfo HTTP/1.1" 200 7917
INFO 2020-08-06 11:55:23,886 basehttp 70871 123145348087808 "POST /rtmarkerinfo HTTP/1.1" 200 5045
INFO 2020-08-06 11:55:24,116 basehttp 70871 123145337040896 "POST /rtmarkerinfo HTTP/1.1" 200 5593
INFO 2020-08-06 11:55:24,140 basehttp 70871 123145331785728 "POST /rtmarkerinfo HTTP/1.1" 200 19899
INFO 2020-08-06 11:55:24,573 basehttp 70871 123145358598144 "POST /rtmarkerinfo HTTP/1.1" 200 5634
INFO 2020-08-06 11:55:24,648 basehttp 70871 123145348087808 "POST /rtmarkerinfo HTTP/1.1" 200 17557
INFO 2020-08-06 11:55:24,846 basehttp 70871 123145337040896 "POST /rtmarkerinfo HTTP/1.1" 200 5045
INFO 2020-08-06 11:55:24,854 basehttp 70871 123145331785728 "POST /rtmarkerinfo HTTP/1.1" 200 5589
INFO 2020-08-06 11:55:25,154 basehttp 70871 123145358598144 "POST /rtmarkerinfo HTTP/1.1" 200 5043
INFO 2020-08-06 11:55:25,237 basehttp 70871 123145348087808 "POST /rtmarkerinfo HTTP/1.1" 200 5636
INFO 2020-08-06 11:55:25,346 basehttp 70871 123145337040896 "POST /rtmarkerinfo HTTP/1.1" 200 5589
INFO 2020-08-06 11:55:25,508 basehttp 70871 123145331785728 "POST /rtmarkerinfo HTTP/1.1" 200 7928
INFO 2020-08-06 11:55:25,635 basehttp 70871 123145353342976 "POST /rtmarkerinfo HTTP/1.1" 200 10200
INFO 2020-08-06 11:55:25,641 basehttp 70871 123145342296064 "POST /rtmarkerinfo HTTP/1.1" 200 11917
INFO 2020-08-06 11:55:25,674 basehttp 70871 123145358598144 "POST /rtmarkerinfo HTTP/1.1" 200 5634
INFO 2020-08-06 11:55:25,763 basehttp 70871 123145348087808 "POST /rtmarkerinfo HTTP/1.1" 200 11427
INFO 2020-08-06 11:55:25,843 basehttp 70871 123145337040896 "POST /rtmarkerinfo HTTP/1.1" 200 5045
INFO 2020-08-06 11:55:26,151 basehttp 70871 123145331785728 "POST /rtmarkerinfo HTTP/1.1" 200 10153
INFO 2020-08-06 11:55:26,221 basehttp 70871 123145353342976 "POST /rtmarkerinfo HTTP/1.1" 200 11917
INFO 2020-08-06 11:55:26,390 basehttp 70871 123145342296064 "POST /rtmarkerinfo HTTP/1.1" 200 8475
INFO 2020-08-06 11:55:26,509 basehttp 70871 123145337040896 "POST /rtmarkerinfo HTTP/1.1" 200 21615
INFO 2020-08-06 11:55:26,552 basehttp 70871 123145348087808 "POST /rtmarkerinfo HTTP/1.1" 200 21047
INFO 2020-08-06 11:55:26,575 basehttp 70871 123145358598144 "POST /rtmarkerinfo HTTP/1.1" 200 8470
INFO 2020-08-06 11:55:26,899 basehttp 70871 123145331785728 "POST /rtmarkerinfo HTTP/1.1" 200 5635
INFO 2020-08-06 11:55:26,944 basehttp 70871 123145353342976 "POST /rtmarkerinfo HTTP/1.1" 200 4503
INFO 2020-08-06 11:55:26,945 basehttp 70871 123145342296064 "POST /rtmarkerinfo HTTP/1.1" 200 10742
INFO 2020-08-06 11:55:27,031 basehttp 70871 123145337040896 "POST /rtmarkerinfo HTTP/1.1" 200 5045
INFO 2020-08-06 11:55:27,129 basehttp 70871 123145358598144 "POST /rtmarkerinfo HTTP/1.1" 200 4503
INFO 2020-08-06 11:55:27,137 basehttp 70871 123145348087808 "POST /rtmarkerinfo HTTP/1.1" 200 7343
INFO 2020-08-06 11:55:27,455 basehttp 70871 123145331785728 "POST /rtmarkerinfo HTTP/1.1" 200 3395
INFO 2020-08-06 11:55:27,577 basehttp 70871 123145353342976 "POST /rtmarkerinfo HTTP/1.1" 200 10200
INFO 2020-08-06 11:55:27,735 basehttp 70871 123145342296064 "POST /rtmarkerinfo HTTP/1.1" 200 7940
INFO 2020-08-06 11:55:27,741 basehttp 70871 123145358598144 "POST /rtmarkerinfo HTTP/1.1" 200 8470
INFO 2020-08-06 11:55:27,866 basehttp 70871 123145337040896 "POST /rtmarkerinfo HTTP/1.1" 200 4640
INFO 2020-08-06 11:55:28,071 basehttp 70871 123145348087808 "POST /rtmarkerinfo HTTP/1.1" 200 10200
INFO 2020-08-06 11:55:28,160 basehttp 70871 123145331785728 "POST /rtmarkerinfo HTTP/1.1" 200 5045
INFO 2020-08-06 11:55:28,208 basehttp 70871 123145353342976 "POST /rtmarkerinfo HTTP/1.1" 200 4501
INFO 2020-08-06 11:55:29,161 basehttp 70871 123145342296064 "POST /rtmarkerinfo HTTP/1.1" 200 8470
INFO 2020-08-06 11:55:29,163 basehttp 70871 123145358598144 "POST /rtmarkerinfo HTTP/1.1" 200 11940
INFO 2020-08-06 11:55:29,185 basehttp 70871 123145337040896 "POST /rtmarkerinfo HTTP/1.1" 200 3395
INFO 2020-08-06 11:55:29,204 basehttp 70871 123145348087808 "POST /rtmarkerinfo HTTP/1.1" 200 12513
INFO 2020-08-06 11:55:29,229 basehttp 70871 123145331785728 "POST /rtmarkerinfo HTTP/1.1" 200 5045
INFO 2020-08-06 11:55:29,239 basehttp 70871 123145353342976 "POST /rtmarkerinfo HTTP/1.1" 200 8470
INFO 2020-08-06 11:55:30,720 basehttp 70871 123145331785728 "POST /rtmarkerinfo HTTP/1.1" 200 3400
INFO 2020-08-06 11:55:30,809 basehttp 70871 123145353342976 "POST /rtmarkerinfo HTTP/1.1" 200 12447
INFO 2020-08-06 11:55:30,890 basehttp 70871 123145348087808 "POST /rtmarkerinfo HTTP/1.1" 200 139
INFO 2020-08-06 11:55:30,911 basehttp 70871 123145358598144 "POST /rtmarkerinfo HTTP/1.1" 200 5074
INFO 2020-08-06 11:55:30,914 basehttp 70871 123145342296064 "POST /rtmarkerinfo HTTP/1.1" 200 4501
INFO 2020-08-06 11:55:30,921 basehttp 70871 123145337040896 "POST /rtmarkerinfo HTTP/1.1" 200 3967
INFO 2020-08-06 11:55:31,265 basehttp 70871 123145331785728 "POST /rtmarkerinfo HTTP/1.1" 200 5613
INFO 2020-08-06 11:55:31,401 basehttp 70871 123145342296064 "POST /rtmarkerinfo HTTP/1.1" 200 3405
INFO 2020-08-06 11:55:31,452 basehttp 70871 123145358598144 "POST /rtmarkerinfo HTTP/1.1" 200 4528
INFO 2020-08-06 11:55:31,540 basehttp 70871 123145348087808 "POST /rtmarkerinfo HTTP/1.1" 200 6818
INFO 2020-08-06 11:55:31,550 basehttp 70871 123145353342976 "POST /rtmarkerinfo HTTP/1.1" 200 12441
INFO 2020-08-06 11:55:31,583 basehttp 70871 123145337040896 "POST /rtmarkerinfo HTTP/1.1" 200 5074
INFO 2020-08-06 11:55:32,037 basehttp 70871 123145331785728 "POST /rtmarkerinfo HTTP/1.1" 200 9080
INFO 2020-08-06 11:55:32,050 basehttp 70871 123145358598144 "POST /rtmarkerinfo HTTP/1.1" 200 6818
INFO 2020-08-06 11:55:32,062 basehttp 70871 123145348087808 "POST /rtmarkerinfo HTTP/1.1" 200 8496
INFO 2020-08-06 11:55:32,073 basehttp 70871 123145342296064 "POST /rtmarkerinfo HTTP/1.1" 200 5057
INFO 2020-08-06 11:55:32,159 basehttp 70871 123145337040896 "POST /rtmarkerinfo HTTP/1.1" 200 6818
INFO 2020-08-06 11:55:32,246 basehttp 70871 123145353342976 "POST /rtmarkerinfo HTTP/1.1" 200 4510
INFO 2020-08-06 11:55:32,721 basehttp 70871 123145331785728 "POST /rtmarkerinfo HTTP/1.1" 200 6779
INFO 2020-08-06 11:55:32,732 basehttp 70871 123145348087808 "POST /rtmarkerinfo HTTP/1.1" 200 17672
INFO 2020-08-06 11:55:32,741 basehttp 70871 123145358598144 "POST /rtmarkerinfo HTTP/1.1" 200 4530
INFO 2020-08-06 11:55:32,854 basehttp 70871 123145337040896 "POST /rtmarkerinfo HTTP/1.1" 200 12447
INFO 2020-08-06 11:55:32,873 basehttp 70871 123145342296064 "POST /rtmarkerinfo HTTP/1.1" 200 10838
INFO 2020-08-06 11:55:32,921 basehttp 70871 123145353342976 "POST /rtmarkerinfo HTTP/1.1" 200 23436
INFO 2020-08-06 11:55:33,219 basehttp 70871 123145331785728 "POST /rtmarkerinfo HTTP/1.1" 200 11348
INFO 2020-08-06 11:55:33,386 basehttp 70871 123145358598144 "POST /rtmarkerinfo HTTP/1.1" 200 2857
INFO 2020-08-06 11:55:33,440 basehttp 70871 123145348087808 "POST /rtmarkerinfo HTTP/1.1" 200 4530
INFO 2020-08-06 11:55:33,505 basehttp 70871 123145353342976 "POST /rtmarkerinfo HTTP/1.1" 200 6779
INFO 2020-08-06 11:55:33,552 basehttp 70871 123145342296064 "POST /rtmarkerinfo HTTP/1.1" 200 4507
INFO 2020-08-06 11:55:33,574 basehttp 70871 123145337040896 "POST /rtmarkerinfo HTTP/1.1" 200 4511
INFO 2020-08-06 11:55:33,747 basehttp 70871 123145331785728 "POST /rtmarkerinfo HTTP/1.1" 200 5716
INFO 2020-08-06 11:55:34,041 basehttp 70871 123145358598144 "POST /rtmarkerinfo HTTP/1.1" 200 13014
INFO 2020-08-06 11:55:34,048 basehttp 70871 123145348087808 "POST /rtmarkerinfo HTTP/1.1" 200 4519
INFO 2020-08-06 11:55:34,086 basehttp 70871 123145353342976 "POST /rtmarkerinfo HTTP/1.1" 200 10799
INFO 2020-08-06 11:55:34,113 basehttp 70871 123145337040896 "POST /rtmarkerinfo HTTP/1.1" 200 10743
INFO 2020-08-06 11:55:34,290 basehttp 70871 123145342296064 "POST /rtmarkerinfo HTTP/1.1" 200 4511
INFO 2020-08-06 11:55:34,365 basehttp 70871 123145331785728 "POST /rtmarkerinfo HTTP/1.1" 200 4513
INFO 2020-08-06 11:55:34,664 basehttp 70871 123145348087808 "POST /rtmarkerinfo HTTP/1.1" 200 6818
INFO 2020-08-06 11:55:34,700 basehttp 70871 123145353342976 "POST /rtmarkerinfo HTTP/1.1" 200 10743
INFO 2020-08-06 11:55:34,801 basehttp 70871 123145337040896 "POST /rtmarkerinfo HTTP/1.1" 200 5617
INFO 2020-08-06 11:55:34,993 basehttp 70871 123145358598144 "POST /rtmarkerinfo HTTP/1.1" 200 10288
INFO 2020-08-06 11:55:35,072 basehttp 70871 123145342296064 "POST /rtmarkerinfo HTTP/1.1" 200 5099
INFO 2020-08-06 11:55:35,272 basehttp 70871 123145331785728 "POST /rtmarkerinfo HTTP/1.1" 200 9044
INFO 2020-08-06 11:55:35,491 basehttp 70871 123145353342976 "POST /rtmarkerinfo HTTP/1.1" 200 5086
INFO 2020-08-06 11:55:35,509 basehttp 70871 123145348087808 "POST /rtmarkerinfo HTTP/1.1" 200 5074
INFO 2020-08-06 11:55:35,593 basehttp 70871 123145337040896 "POST /rtmarkerinfo HTTP/1.1" 200 8516
INFO 2020-08-06 11:55:35,632 basehttp 70871 123145358598144 "POST /rtmarkerinfo HTTP/1.1" 200 5082
INFO 2020-08-06 11:55:35,656 basehttp 70871 123145342296064 "POST /rtmarkerinfo HTTP/1.1" 200 4507
INFO 2020-08-06 11:55:35,947 basehttp 70871 123145331785728 "POST /rtmarkerinfo HTTP/1.1" 200 12441
INFO 2020-08-06 11:55:36,061 basehttp 70871 123145348087808 "POST /rtmarkerinfo HTTP/1.1" 200 5099
INFO 2020-08-06 11:55:36,136 basehttp 70871 123145353342976 "POST /rtmarkerinfo HTTP/1.1" 200 10292
INFO 2020-08-06 11:55:36,217 basehttp 70871 123145342296064 "POST /rtmarkerinfo HTTP/1.1" 200 5099
INFO 2020-08-06 11:55:36,255 basehttp 70871 123145358598144 "POST /rtmarkerinfo HTTP/1.1" 200 19256
INFO 2020-08-06 11:55:36,390 basehttp 70871 123145337040896 "POST /rtmarkerinfo HTTP/1.1" 200 22857
INFO 2020-08-06 11:55:36,450 basehttp 70871 123145331785728 "POST /rtmarkerinfo HTTP/1.1" 200 5074
INFO 2020-08-06 11:55:36,760 basehttp 70871 123145342296064 "POST /rtmarkerinfo HTTP/1.1" 200 2857
INFO 2020-08-06 11:55:36,795 basehttp 70871 123145348087808 "POST /rtmarkerinfo HTTP/1.1" 200 4530
INFO 2020-08-06 11:55:36,851 basehttp 70871 123145353342976 "POST /rtmarkerinfo HTTP/1.1" 200 4530
INFO 2020-08-06 11:55:36,884 basehttp 70871 123145358598144 "POST /rtmarkerinfo HTTP/1.1" 200 13032
INFO 2020-08-06 11:55:36,972 basehttp 70871 123145331785728 "POST /rtmarkerinfo HTTP/1.1" 200 7893
INFO 2020-08-06 11:55:37,060 basehttp 70871 123145337040896 "POST /rtmarkerinfo HTTP/1.1" 200 11912
INFO 2020-08-06 11:55:37,430 basehttp 70871 123145342296064 "POST /rtmarkerinfo HTTP/1.1" 200 8516
INFO 2020-08-06 11:55:37,452 basehttp 70871 123145348087808 "POST /rtmarkerinfo HTTP/1.1" 200 3400
INFO 2020-08-06 11:55:37,509 basehttp 70871 123145353342976 "POST /rtmarkerinfo HTTP/1.1" 200 5084
INFO 2020-08-06 11:55:37,566 basehttp 70871 123145358598144 "POST /rtmarkerinfo HTTP/1.1" 200 2857
INFO 2020-08-06 11:55:37,623 basehttp 70871 123145337040896 "POST /rtmarkerinfo HTTP/1.1" 200 4528
INFO 2020-08-06 11:55:37,705 basehttp 70871 123145331785728 "POST /rtmarkerinfo HTTP/1.1" 200 6779
INFO 2020-08-06 11:55:38,081 basehttp 70871 123145342296064 "POST /rtmarkerinfo HTTP/1.1" 200 4515
INFO 2020-08-06 11:55:38,199 basehttp 70871 123145348087808 "POST /rtmarkerinfo HTTP/1.1" 200 8516
INFO 2020-08-06 11:55:38,243 basehttp 70871 123145337040896 "POST /rtmarkerinfo HTTP/1.1" 200 12447
INFO 2020-08-06 11:55:38,371 basehttp 70871 123145331785728 "POST /rtmarkerinfo HTTP/1.1" 200 9627
INFO 2020-08-06 11:55:38,574 basehttp 70871 123145353342976 "POST /rtmarkerinfo HTTP/1.1" 200 5053
INFO 2020-08-06 11:55:38,582 basehttp 70871 123145358598144 "POST /rtmarkerinfo HTTP/1.1" 200 4530
INFO 2020-08-06 11:55:38,669 basehttp 70871 123145342296064 "POST /rtmarkerinfo HTTP/1.1" 200 12449
INFO 2020-08-06 11:55:42,218 autoreload 70871 4479716800 /Users/liguosheng/PycharmProjects/dublin-bus-rtpi/dublinbus/app01/views.py changed, reloading.
INFO 2020-08-06 11:55:43,290 autoreload 70892 4644040128 Watching for file changes with StatReloader
INFO 2020-08-06 11:56:47,451 autoreload 70892 4644040128 /Users/liguosheng/PycharmProjects/dublin-bus-rtpi/dublinbus/app01/views.py changed, reloading.
INFO 2020-08-06 11:56:48,605 autoreload 70911 4312706496 Watching for file changes with StatReloader
INFO 2020-08-06 11:58:22,707 autoreload 70911 4312706496 /Users/liguosheng/PycharmProjects/dublin-bus-rtpi/dublinbus/app01/views.py changed, reloading.
INFO 2020-08-06 11:58:23,670 autoreload 70928 4557348288 Watching for file changes with StatReloader
INFO 2020-08-06 11:58:27,028 basehttp 70928 123145558163456 "GET / HTTP/1.1" 200 934829
INFO 2020-08-06 11:58:27,079 basehttp 70928 123145558163456 "GET /static/css/main.css HTTP/1.1" 304 0
INFO 2020-08-06 11:58:27,082 basehttp 70928 123145558163456 "GET /static/js/station_map.js HTTP/1.1" 304 0
INFO 2020-08-06 11:58:27,417 basehttp 70928 123145568673792 "POST /errorhandler HTTP/1.1" 200 2
INFO 2020-08-06 11:58:27,545 basehttp 70928 123145568673792 "GET /static/images/favicon.png HTTP/1.1" 200 40821
INFO 2020-08-06 11:58:27,552 basehttp 70928 123145563418624 "POST /weather HTTP/1.1" 200 95
INFO 2020-08-06 11:58:27,655 basehttp 70928 123145558163456 "POST /init HTTP/1.1" 200 55
INFO 2020-08-06 11:58:37,151 basehttp 70928 123145558163456 "POST /routesearch HTTP/1.1" 200 8129
INFO 2020-08-06 11:58:37,669 basehttp 70928 123145558163456 "POST /rtmarkerinfo HTTP/1.1" 200 4503
INFO 2020-08-06 11:58:37,782 basehttp 70928 123145563418624 "POST /rtmarkerinfo HTTP/1.1" 200 4503
INFO 2020-08-06 11:58:37,834 basehttp 70928 123145574465536 "POST /rtmarkerinfo HTTP/1.1" 200 4503
INFO 2020-08-06 11:58:37,845 basehttp 70928 123145568673792 "POST /rtmarkerinfo HTTP/1.1" 200 4503
INFO 2020-08-06 11:58:37,863 basehttp 70928 123145584975872 "POST /rtmarkerinfo HTTP/1.1" 200 4503
INFO 2020-08-06 11:58:37,864 basehttp 70928 123145579720704 "POST /rtmarkerinfo HTTP/1.1" 200 4503
INFO 2020-08-06 11:58:38,251 basehttp 70928 123145558163456 "POST /rtmarkerinfo HTTP/1.1" 200 4503
INFO 2020-08-06 11:58:38,421 basehttp 70928 123145568673792 "POST /rtmarkerinfo HTTP/1.1" 200 3938
INFO 2020-08-06 11:58:38,431 basehttp 70928 123145584975872 "POST /rtmarkerinfo HTTP/1.1" 200 3395
INFO 2020-08-06 11:58:38,431 basehttp 70928 123145574465536 "POST /rtmarkerinfo HTTP/1.1" 200 3942
INFO 2020-08-06 11:58:38,622 basehttp 70928 123145563418624 "POST /rtmarkerinfo HTTP/1.1" 200 5050
INFO 2020-08-06 11:58:38,778 basehttp 70928 123145579720704 "POST /rtmarkerinfo HTTP/1.1" 200 4501
INFO 2020-08-06 11:58:39,070 basehttp 70928 123145574465536 "POST /rtmarkerinfo HTTP/1.1" 200 5043
INFO 2020-08-06 11:58:39,073 basehttp 70928 123145584975872 "POST /rtmarkerinfo HTTP/1.1" 200 5043
INFO 2020-08-06 11:58:39,214 basehttp 70928 123145558163456 "POST /rtmarkerinfo HTTP/1.1" 200 5041
INFO 2020-08-06 11:58:39,276 basehttp 70928 123145568673792 "POST /rtmarkerinfo HTTP/1.1" 200 5043
INFO 2020-08-06 11:58:39,515 basehttp 70928 123145563418624 "POST /rtmarkerinfo HTTP/1.1" 200 5593
INFO 2020-08-06 11:58:39,685 basehttp 70928 123145579720704 "POST /rtmarkerinfo HTTP/1.1" 200 5589
INFO 2020-08-06 11:58:39,842 basehttp 70928 123145584975872 "POST /rtmarkerinfo HTTP/1.1" 200 5589
INFO 2020-08-06 11:58:39,857 basehttp 70928 123145574465536 "POST /rtmarkerinfo HTTP/1.1" 200 5589
INFO 2020-08-06 11:58:39,983 basehttp 70928 123145558163456 "POST /rtmarkerinfo HTTP/1.1" 200 5589
INFO 2020-08-06 11:58:39,984 basehttp 70928 123145568673792 "POST /rtmarkerinfo HTTP/1.1" 200 5591
INFO 2020-08-06 11:58:40,067 basehttp 70928 123145563418624 "POST /rtmarkerinfo HTTP/1.1" 200 5045
INFO 2020-08-06 11:58:40,210 basehttp 70928 123145579720704 "POST /rtmarkerinfo HTTP/1.1" 200 5045
INFO 2020-08-06 11:58:40,383 basehttp 70928 123145574465536 "POST /rtmarkerinfo HTTP/1.1" 200 7977
INFO 2020-08-06 11:58:40,424 basehttp 70928 123145584975872 "POST /rtmarkerinfo HTTP/1.1" 200 5045
INFO 2020-08-06 11:58:40,456 basehttp 70928 123145568673792 "POST /rtmarkerinfo HTTP/1.1" 200 7378
INFO 2020-08-06 11:58:40,591 basehttp 70928 123145558163456 "POST /rtmarkerinfo HTTP/1.1" 200 6777
INFO 2020-08-06 11:58:40,597 basehttp 70928 123145563418624 "POST /rtmarkerinfo HTTP/1.1" 200 7952
INFO 2020-08-06 11:58:40,718 basehttp 70928 123145579720704 "POST /rtmarkerinfo HTTP/1.1" 200 9679
INFO 2020-08-06 11:58:40,900 basehttp 70928 123145574465536 "POST /rtmarkerinfo HTTP/1.1" 200 8533
INFO 2020-08-06 11:58:40,969 basehttp 70928 123145568673792 "POST /rtmarkerinfo HTTP/1.1" 200 9648
INFO 2020-08-06 11:58:41,017 basehttp 70928 123145584975872 "POST /rtmarkerinfo HTTP/1.1" 200 9652
INFO 2020-08-06 11:58:41,090 basehttp 70928 123145558163456 "POST /rtmarkerinfo HTTP/1.1" 200 11365
INFO 2020-08-06 11:58:41,230 basehttp 70928 123145563418624 "POST /rtmarkerinfo HTTP/1.1" 200 11365
INFO 2020-08-06 11:58:41,242 basehttp 70928 123145579720704 "POST /rtmarkerinfo HTTP/1.1" 200 11921
INFO 2020-08-06 11:58:41,396 basehttp 70928 123145574465536 "POST /rtmarkerinfo HTTP/1.1" 200 10204
INFO 2020-08-06 11:58:41,575 basehttp 70928 123145568673792 "POST /rtmarkerinfo HTTP/1.1" 200 8471
INFO 2020-08-06 11:58:41,579 basehttp 70928 123145584975872 "POST /rtmarkerinfo HTTP/1.1" 200 6175
INFO 2020-08-06 11:58:41,719 basehttp 70928 123145558163456 "POST /rtmarkerinfo HTTP/1.1" 200 6175
INFO 2020-08-06 11:58:41,733 basehttp 70928 123145563418624 "POST /rtmarkerinfo HTTP/1.1" 200 5632
INFO 2020-08-06 11:58:41,744 basehttp 70928 123145579720704 "POST /rtmarkerinfo HTTP/1.1" 200 5634
INFO 2020-08-06 11:58:41,918 basehttp 70928 123145574465536 "POST /rtmarkerinfo HTTP/1.1" 200 7365
INFO 2020-08-06 11:58:42,031 basehttp 70928 123145568673792 "POST /rtmarkerinfo HTTP/1.1" 200 4639
INFO 2020-08-06 11:58:42,051 basehttp 70928 123145584975872 "POST /rtmarkerinfo HTTP/1.1" 200 7946
INFO 2020-08-06 11:58:42,230 basehttp 70928 123145558163456 "POST /rtmarkerinfo HTTP/1.1" 200 22171
INFO 2020-08-06 11:58:42,278 basehttp 70928 123145563418624 "POST /rtmarkerinfo HTTP/1.1" 200 19927
INFO 2020-08-06 11:58:42,306 basehttp 70928 123145579720704 "POST /rtmarkerinfo HTTP/1.1" 200 21610
INFO 2020-08-06 11:58:42,440 basehttp 70928 123145574465536 "POST /rtmarkerinfo HTTP/1.1" 200 16450
INFO 2020-08-06 11:58:42,505 basehttp 70928 123145568673792 "POST /rtmarkerinfo HTTP/1.1" 200 11425
INFO 2020-08-06 11:58:42,569 basehttp 70928 123145584975872 "POST /rtmarkerinfo HTTP/1.1" 200 10258
INFO 2020-08-06 11:58:42,784 basehttp 70928 123145563418624 "POST /rtmarkerinfo HTTP/1.1" 200 9663
INFO 2020-08-06 11:58:42,791 basehttp 70928 123145558163456 "POST /rtmarkerinfo HTTP/1.1" 200 18835
INFO 2020-08-06 11:58:42,960 basehttp 70928 123145579720704 "POST /rtmarkerinfo HTTP/1.1" 200 6830
INFO 2020-08-06 11:58:43,009 basehttp 70928 123145574465536 "POST /rtmarkerinfo HTTP/1.1" 200 7386
INFO 2020-08-06 11:58:43,080 basehttp 70928 123145568673792 "POST /rtmarkerinfo HTTP/1.1" 200 8478
INFO 2020-08-06 11:58:43,170 basehttp 70928 123145584975872 "POST /rtmarkerinfo HTTP/1.1" 200 8470
INFO 2020-08-06 11:58:43,278 basehttp 70928 123145558163456 "POST /rtmarkerinfo HTTP/1.1" 200 5621
INFO 2020-08-06 11:58:43,342 basehttp 70928 123145563418624 "POST /rtmarkerinfo HTTP/1.1" 200 10151
INFO 2020-08-06 11:58:43,634 basehttp 70928 123145579720704 "POST /rtmarkerinfo HTTP/1.1" 200 5621
INFO 2020-08-06 11:58:43,692 basehttp 70928 123145574465536 "POST /rtmarkerinfo HTTP/1.1" 200 11928
INFO 2020-08-06 11:58:43,788 basehttp 70928 123145568673792 "POST /rtmarkerinfo HTTP/1.1" 200 11928
INFO 2020-08-06 11:58:44,678 basehttp 70928 123145584975872 "POST /rtmarkerinfo HTTP/1.1" 200 11928
INFO 2020-08-06 11:58:44,678 basehttp 70928 123145558163456 "POST /rtmarkerinfo HTTP/1.1" 200 11357
INFO 2020-08-06 11:58:45,125 basehttp 70928 123145563418624 "POST /rtmarkerinfo HTTP/1.1" 200 11359
INFO 2020-08-06 11:58:45,282 basehttp 70928 123145579720704 "POST /rtmarkerinfo HTTP/1.1" 200 10265
INFO 2020-08-06 11:58:45,465 basehttp 70928 123145574465536 "POST /rtmarkerinfo HTTP/1.1" 200 11359
INFO 2020-08-06 11:58:45,559 basehttp 70928 123145568673792 "POST /rtmarkerinfo HTTP/1.1" 200 11940
INFO 2020-08-06 11:58:45,714 basehttp 70928 123145584975872 "POST /rtmarkerinfo HTTP/1.1" 200 3400
INFO 2020-08-06 11:58:45,715 basehttp 70928 123145558163456 "POST /rtmarkerinfo HTTP/1.1" 200 4503
INFO 2020-08-06 11:58:45,774 basehttp 70928 123145563418624 "POST /rtmarkerinfo HTTP/1.1" 200 3400
INFO 2020-08-06 11:58:45,861 basehttp 70928 123145579720704 "POST /rtmarkerinfo HTTP/1.1" 200 12443
INFO 2020-08-06 11:58:46,012 basehttp 70928 123145574465536 "POST /rtmarkerinfo HTTP/1.1" 200 11878
INFO 2020-08-06 11:58:46,060 basehttp 70928 123145568673792 "POST /rtmarkerinfo HTTP/1.1" 200 11878
INFO 2020-08-06 11:58:46,208 basehttp 70928 123145584975872 "POST /rtmarkerinfo HTTP/1.1" 200 11878
INFO 2020-08-06 11:58:46,242 basehttp 70928 123145558163456 "POST /rtmarkerinfo HTTP/1.1" 200 11878
INFO 2020-08-06 11:58:46,311 basehttp 70928 123145563418624 "POST /rtmarkerinfo HTTP/1.1" 200 11880
INFO 2020-08-06 11:58:46,540 basehttp 70928 123145579720704 "POST /rtmarkerinfo HTTP/1.1" 200 12447
INFO 2020-08-06 11:58:46,614 basehttp 70928 123145574465536 "POST /rtmarkerinfo HTTP/1.1" 200 11912
INFO 2020-08-06 11:58:46,718 basehttp 70928 123145584975872 "POST /rtmarkerinfo HTTP/1.1" 200 12447
INFO 2020-08-06 11:58:46,776 basehttp 70928 123145563418624 "POST /rtmarkerinfo HTTP/1.1" 200 5099
INFO 2020-08-06 11:58:46,807 basehttp 70928 123145568673792 "POST /rtmarkerinfo HTTP/1.1" 200 11910
INFO 2020-08-06 11:58:46,856 basehttp 70928 123145558163456 "POST /rtmarkerinfo HTTP/1.1" 200 4536
INFO 2020-08-06 11:58:47,259 basehttp 70928 123145584975872 "POST /rtmarkerinfo HTTP/1.1" 200 9075
INFO 2020-08-06 11:58:47,310 basehttp 70928 123145579720704 "POST /rtmarkerinfo HTTP/1.1" 200 5099
INFO 2020-08-06 11:58:47,385 basehttp 70928 123145574465536 "POST /rtmarkerinfo HTTP/1.1" 200 3400
INFO 2020-08-06 11:58:47,393 basehttp 70928 123145568673792 "POST /rtmarkerinfo HTTP/1.1" 200 9075
INFO 2020-08-06 11:58:47,467 basehttp 70928 123145563418624 "POST /rtmarkerinfo HTTP/1.1" 200 9075
INFO 2020-08-06 11:58:47,524 basehttp 70928 123145558163456 "POST /rtmarkerinfo HTTP/1.1" 200 20380
INFO 2020-08-06 11:58:47,819 basehttp 70928 123145584975872 "POST /rtmarkerinfo HTTP/1.1" 200 13039
INFO 2020-08-06 11:58:47,922 basehttp 70928 123145579720704 "POST /rtmarkerinfo HTTP/1.1" 200 10871
INFO 2020-08-06 11:58:48,004 basehttp 70928 123145574465536 "POST /rtmarkerinfo HTTP/1.1" 200 10288
INFO 2020-08-06 11:58:48,093 basehttp 70928 123145563418624 "POST /rtmarkerinfo HTTP/1.1" 200 4510
INFO 2020-08-06 11:58:48,316 basehttp 70928 123145568673792 "POST /rtmarkerinfo HTTP/1.1" 200 10840
INFO 2020-08-06 11:58:48,322 basehttp 70928 123145558163456 "POST /rtmarkerinfo HTTP/1.1" 200 16551
INFO 2020-08-06 11:58:48,349 basehttp 70928 123145584975872 "POST /rtmarkerinfo HTTP/1.1" 200 20599
INFO 2020-08-06 11:58:48,432 basehttp 70928 123145579720704 "POST /rtmarkerinfo HTTP/1.1" 200 20605
INFO 2020-08-06 11:58:48,663 basehttp 70928 123145574465536 "POST /rtmarkerinfo HTTP/1.1" 200 8496
INFO 2020-08-06 11:58:48,725 basehttp 70928 123145563418624 "POST /rtmarkerinfo HTTP/1.1" 200 7364
INFO 2020-08-06 11:58:48,845 basehttp 70928 123145558163456 "POST /rtmarkerinfo HTTP/1.1" 200 6818
INFO 2020-08-06 11:58:48,966 basehttp 70928 123145579720704 "POST /rtmarkerinfo HTTP/1.1" 200 5082
INFO 2020-08-06 11:58:48,985 basehttp 70928 123145568673792 "POST /rtmarkerinfo HTTP/1.1" 200 6818
INFO 2020-08-06 11:58:49,062 basehttp 70928 123145584975872 "POST /rtmarkerinfo HTTP/1.1" 200 5082
INFO 2020-08-06 11:58:49,402 basehttp 70928 123145563418624 "POST /rtmarkerinfo HTTP/1.1" 200 7341
INFO 2020-08-06 11:58:49,448 basehttp 70928 123145574465536 "POST /rtmarkerinfo HTTP/1.1" 200 5082
INFO 2020-08-06 11:58:49,687 basehttp 70928 123145579720704 "POST /rtmarkerinfo HTTP/1.1" 200 10192
INFO 2020-08-06 11:58:49,709 basehttp 70928 123145558163456 "POST /rtmarkerinfo HTTP/1.1" 200 10188
INFO 2020-08-06 11:58:49,838 basehttp 70928 123145568673792 "POST /rtmarkerinfo HTTP/1.1" 200 9630
INFO 2020-08-06 11:58:49,922 basehttp 70928 123145584975872 "POST /rtmarkerinfo HTTP/1.1" 200 9080
INFO 2020-08-06 11:58:50,141 basehttp 70928 123145563418624 "POST /rtmarkerinfo HTTP/1.1" 200 9080
INFO 2020-08-06 11:58:50,148 basehttp 70928 123145574465536 "POST /rtmarkerinfo HTTP/1.1" 200 9080
INFO 2020-08-06 11:58:50,432 basehttp 70928 123145558163456 "POST /rtmarkerinfo HTTP/1.1" 200 7343
INFO 2020-08-06 11:58:50,433 basehttp 70928 123145579720704 "POST /rtmarkerinfo HTTP/1.1" 200 7343
INFO 2020-08-06 11:58:50,555 basehttp 70928 123145568673792 "POST /rtmarkerinfo HTTP/1.1" 200 6779
INFO 2020-08-06 11:58:50,630 basehttp 70928 123145563418624 "POST /rtmarkerinfo HTTP/1.1" 200 3412
INFO 2020-08-06 11:58:50,639 basehttp 70928 123145584975872 "POST /rtmarkerinfo HTTP/1.1" 200 5712
INFO 2020-08-06 11:58:50,649 basehttp 70928 123145574465536 "POST /rtmarkerinfo HTTP/1.1" 200 4521
INFO 2020-08-06 11:58:51,225 basehttp 70928 123145558163456 "POST /rtmarkerinfo HTTP/1.1" 200 5078
INFO 2020-08-06 11:58:51,230 basehttp 70928 123145579720704 "POST /rtmarkerinfo HTTP/1.1" 200 5078
INFO 2020-08-06 11:58:51,294 basehttp 70928 123145563418624 "POST /rtmarkerinfo HTTP/1.1" 200 5074
INFO 2020-08-06 11:58:51,460 basehttp 70928 123145568673792 "POST /rtmarkerinfo HTTP/1.1" 200 4519
INFO 2020-08-06 11:58:51,588 basehttp 70928 123145574465536 "POST /rtmarkerinfo HTTP/1.1" 200 5074
INFO 2020-08-06 11:58:51,609 basehttp 70928 123145584975872 "POST /rtmarkerinfo HTTP/1.1" 200 5074
INFO 2020-08-06 11:58:51,836 basehttp 70928 123145563418624 "POST /rtmarkerinfo HTTP/1.1" 200 5074
INFO 2020-08-06 11:58:51,910 basehttp 70928 123145558163456 "POST /rtmarkerinfo HTTP/1.1" 200 5074
INFO 2020-08-06 11:58:51,988 basehttp 70928 123145579720704 "POST /rtmarkerinfo HTTP/1.1" 200 5074
INFO 2020-08-06 11:58:52,129 basehttp 70928 123145568673792 "POST /rtmarkerinfo HTTP/1.1" 200 4528
INFO 2020-08-06 11:58:52,186 basehttp 70928 123145574465536 "POST /rtmarkerinfo HTTP/1.1" 200 4528
INFO 2020-08-06 11:58:52,342 basehttp 70928 123145584975872 "POST /rtmarkerinfo HTTP/1.1" 200 3963
INFO 2020-08-06 11:58:52,432 basehttp 70928 123145563418624 "POST /rtmarkerinfo HTTP/1.1" 200 2855
INFO 2020-08-06 11:58:52,515 basehttp 70928 123145558163456 "POST /rtmarkerinfo HTTP/1.1" 200 2855
INFO 2020-08-06 11:58:52,592 basehttp 70928 123145579720704 "POST /rtmarkerinfo HTTP/1.1" 200 2855
INFO 2020-08-06 11:58:52,703 basehttp 70928 123145574465536 "POST /rtmarkerinfo HTTP/1.1" 200 3967
INFO 2020-08-06 11:58:52,710 basehttp 70928 123145568673792 "POST /rtmarkerinfo HTTP/1.1" 200 2857
INFO 2020-08-06 11:58:52,859 basehttp 70928 123145584975872 "POST /rtmarkerinfo HTTP/1.1" 200 3967
INFO 2020-08-06 11:58:52,929 basehttp 70928 123145563418624 "POST /rtmarkerinfo HTTP/1.1" 200 4515
INFO 2020-08-06 11:58:52,993 basehttp 70928 123145558163456 "POST /rtmarkerinfo HTTP/1.1" 200 4515
INFO 2020-08-06 11:58:53,042 basehttp 70928 123145579720704 "POST /rtmarkerinfo HTTP/1.1" 200 4511
INFO 2020-08-06 11:58:53,165 basehttp 70928 123145574465536 "POST /rtmarkerinfo HTTP/1.1" 200 4511
INFO 2020-08-06 11:58:53,204 basehttp 70928 123145568673792 "POST /rtmarkerinfo HTTP/1.1" 200 5068
INFO 2020-08-06 11:58:53,391 basehttp 70928 123145584975872 "POST /rtmarkerinfo HTTP/1.1" 200 5617
INFO 2020-08-06 11:58:53,433 basehttp 70928 123145563418624 "POST /rtmarkerinfo HTTP/1.1" 200 139
INFO 2020-08-06 11:58:53,517 basehttp 70928 123145558163456 "POST /rtmarkerinfo HTTP/1.1" 200 4511
